<?xml version="1.0" encoding="UTF-8"?>
<robot generator="Robot 7.0 (Python 3.10.0 on win32)" generated="2024-05-27T16:48:37.484903" rpa="false" schemaversion="5">
<suite id="s1" name="Local Example Tests" source="C:\Sandbox\forked\cmsis-toolbox\test\local_example_tests.robot">
<kw name="Global Setup" owner="utils" type="SETUP">
<kw name="Join Path" owner="OperatingSystem">
<msg time="2024-05-27T16:48:37.568003" level="INFO">${parent_dir} = C:\Sandbox\forked\cmsis-toolbox\test</msg>
<var>${parent_dir}</var>
<arg>C:\\Sandbox\\forked\\cmsis-toolbox\\test\\resources</arg>
<arg>..</arg>
<doc>Joins the given path part(s) to the given base path.</doc>
<status status="PASS" start="2024-05-27T16:48:37.568003" elapsed="0.000000"/>
</kw>
<kw name="Join Path" owner="OperatingSystem">
<msg time="2024-05-27T16:48:37.568003" level="INFO">${src_dir} = C:\Sandbox\forked\cmsis-toolbox\test\data</msg>
<var>${src_dir}</var>
<arg>${parent_dir}</arg>
<arg>${Data}</arg>
<doc>Joins the given path part(s) to the given base path.</doc>
<status status="PASS" start="2024-05-27T16:48:37.568003" elapsed="0.000000"/>
</kw>
<kw name="Get Test Data Directory" owner="utils">
<kw name="Join Path" owner="OperatingSystem">
<msg time="2024-05-27T16:48:37.569005" level="INFO">${parent_dir} = C:\Sandbox\forked\cmsis-toolbox\test</msg>
<var>${parent_dir}</var>
<arg>C:\\Sandbox\\forked\\cmsis-toolbox\\test\\resources</arg>
<arg>..</arg>
<doc>Joins the given path part(s) to the given base path.</doc>
<status status="PASS" start="2024-05-27T16:48:37.569005" elapsed="0.000000"/>
</kw>
<kw name="Join Path" owner="OperatingSystem">
<msg time="2024-05-27T16:48:37.569005" level="INFO">${test_data_dir} = C:\Sandbox\forked\cmsis-toolbox\test\build</msg>
<var>${test_data_dir}</var>
<arg>${parent_dir}</arg>
<arg>${Build}</arg>
<doc>Joins the given path part(s) to the given base path.</doc>
<status status="PASS" start="2024-05-27T16:48:37.569005" elapsed="0.000000"/>
</kw>
<return>
<value>${test_data_dir}</value>
<status status="PASS" start="2024-05-27T16:48:37.569005" elapsed="0.000000"/>
</return>
<msg time="2024-05-27T16:48:37.569005" level="INFO">${dest_dir} = C:\Sandbox\forked\cmsis-toolbox\test\build</msg>
<var>${dest_dir}</var>
<doc>Retrieve the directory path for test input data</doc>
<status status="PASS" start="2024-05-27T16:48:37.568003" elapsed="0.001002"/>
</kw>
<kw name="Set Global Variable" owner="BuiltIn">
<msg time="2024-05-27T16:48:37.570004" level="INFO">${TEST_DATA_DIR} = C:\Sandbox\forked\cmsis-toolbox\test\build</msg>
<arg>${TEST_DATA_DIR}</arg>
<arg>${dest_dir}</arg>
<doc>Makes a variable available globally in all tests and suites.</doc>
<status status="PASS" start="2024-05-27T16:48:37.570004" elapsed="0.000000"/>
</kw>
<kw name="Copy Directory" owner="OperatingSystem">
<msg time="2024-05-27T16:48:38.085567" level="INFO" html="true">Copied directory from '&lt;a href="file://C:\Sandbox\forked\cmsis-toolbox\test\data"&gt;C:\Sandbox\forked\cmsis-toolbox\test\data&lt;/a&gt;' to '&lt;a href="file://C:\Sandbox\forked\cmsis-toolbox\test\build"&gt;C:\Sandbox\forked\cmsis-toolbox\test\build&lt;/a&gt;'.</msg>
<arg>${src_dir}</arg>
<arg>${dest_dir}</arg>
<doc>Copies the source directory into the destination.</doc>
<status status="PASS" start="2024-05-27T16:48:37.571003" elapsed="0.514564"/>
</kw>
<status status="PASS" start="2024-05-27T16:48:37.567126" elapsed="0.518441"/>
</kw>
<test id="s1-t1" name="Validate build-asm Example" line="30">
<kw name="Run Csolution Project">
<kw name="Run Project with cbuildgen" owner="utils">
<kw name="Get Parent Directory Path" owner="utils">
<msg time="2024-05-27T16:48:38.089082" level="INFO">${parent_path} = C:\Sandbox\forked\cmsis-toolbox\test\build\build-asm</msg>
<var>${parent_path}</var>
<arg>${input_file}</arg>
<status status="PASS" start="2024-05-27T16:48:38.088082" elapsed="0.001000"/>
</kw>
<kw name="Append Additional Arguments" owner="utils">
<kw name="Combine Lists" owner="Collections">
<msg time="2024-05-27T16:48:38.089082" level="INFO">${args} = ['--output', 'C:\\Sandbox\\forked\\cmsis-toolbox\\test\\build\\build-asm\\out_dir']</msg>
<var>${args}</var>
<arg>${list}</arg>
<arg>${values}</arg>
<doc>Combines the given ``lists`` together and returns the result.</doc>
<status status="PASS" start="2024-05-27T16:48:38.089082" elapsed="0.000000"/>
</kw>
<return>
<value>${args}</value>
<status status="PASS" start="2024-05-27T16:48:38.089082" elapsed="0.000999"/>
</return>
<msg time="2024-05-27T16:48:38.090081" level="INFO">${ex_args} = ['--output', 'C:\\Sandbox\\forked\\cmsis-toolbox\\test\\build\\build-asm\\out_dir']</msg>
<var>${ex_args}</var>
<arg>${args}</arg>
<arg>--output</arg>
<arg>${parent_path}${/}${Out_Dir}</arg>
<doc>Append values to the list</doc>
<status status="PASS" start="2024-05-27T16:48:38.089082" elapsed="0.000999"/>
</kw>
<kw name="Run cbuild" owner="utils">
<kw name="Append To List" owner="Collections">
<arg>${args}</arg>
<arg>-p</arg>
<arg>-r</arg>
<arg>--update-rte</arg>
<doc>Adds ``values`` to the end of ``list``.</doc>
<status status="PASS" start="2024-05-27T16:48:38.090081" elapsed="0.000000"/>
</kw>
<kw name="Run Program" owner="utils">
<kw name="Run Process" owner="Process">
<msg time="2024-05-27T16:48:38.092121" level="INFO">Starting process:
cbuild C:\Sandbox\forked\cmsis-toolbox\test\build\build-asm\solution.csolution.yml --output C:\Sandbox\forked\cmsis-toolbox\test\build\build-asm\out_dir -p -r --update-rte</msg>
<msg time="2024-05-27T16:48:38.105346" level="INFO">Waiting for process to complete.</msg>
<msg time="2024-05-27T16:49:04.336701" level="INFO">Process completed.</msg>
<msg time="2024-05-27T16:49:04.337364" level="INFO">${result} = &lt;result object with rc 0&gt;</msg>
<var>${result}</var>
<arg>${exe_path}</arg>
<arg>${input_File}</arg>
<arg>@{args}</arg>
<arg>shell=True</arg>
<arg>stdout=C:\\Sandbox\\forked\\cmsis-toolbox\\test\\resources/stdout.txt</arg>
<doc>Runs a process and waits for it to complete.</doc>
<status status="PASS" start="2024-05-27T16:48:38.091080" elapsed="26.246284"/>
</kw>
<kw name="Set Variable If" owner="BuiltIn">
<msg time="2024-05-27T16:49:04.340362" level="INFO">${ret_code} = 0</msg>
<var>${ret_code}</var>
<arg>${result.rc} == ${0}</arg>
<arg>${result.rc}</arg>
<arg>${1}</arg>
<doc>Sets variable based on the given condition.</doc>
<status status="PASS" start="2024-05-27T16:49:04.337364" elapsed="0.002998"/>
</kw>
<kw name="Log Many" owner="BuiltIn">
<msg time="2024-05-27T16:49:04.357084" level="INFO">StdOut: info cbuild: Build Invocation  (C) 2024 Arm Ltd. and Contributors
C:/Sandbox/forked/cmsis-toolbox/test/build/build-asm/solution.cbuild-pack.yml - info csolution: file generated successfully
C:/Sandbox/forked/cmsis-toolbox/test/build/build-asm/out_dir/solution.cbuild-idx.yml - info csolution: file generated successfully
C:/Sandbox/forked/cmsis-toolbox/test/build/build-asm/out_dir/project.AC6+ARMCM0.cbuild.yml - info csolution: file generated successfully
C:/Sandbox/forked/cmsis-toolbox/test/build/build-asm/out_dir/project.CLANG+ARMCM0.cbuild.yml - info csolution: file generated successfully
C:/Sandbox/forked/cmsis-toolbox/test/build/build-asm/out_dir/project.GCC+ARMCM0.cbuild.yml - info csolution: file generated successfully
C:/Sandbox/forked/cmsis-toolbox/test/build/build-asm/out_dir/project.AC6+ARMCM0.cprj - info csolution: file generated successfully
C:/Sandbox/forked/cmsis-toolbox/test/build/build-asm/out_dir/project.CLANG+ARMCM0.cprj - info csolution: file generated successfully
C:/Sandbox/forked/cmsis-toolbox/test/build/build-asm/out_dir/project.GCC+ARMCM0.cprj - info csolution: file generated successfully
info cbuild: Processing 3 context(s)
info cbuild: Retrieve build information for context: "project.AC6+ARMCM0"
info cbuild: Retrieve build information for context: "project.CLANG+ARMCM0"
info cbuild: Retrieve build information for context: "project.GCC+ARMCM0"
info cbuild: Cleaning context: "project.AC6+ARMCM0"
info cbuild: clean finished successfully!
info cbuild: Cleaning context: "project.CLANG+ARMCM0"
info cbuild: clean finished successfully!
info cbuild: Cleaning context: "project.GCC+ARMCM0"
info cbuild: clean finished successfully!
=========================================================
(1/3) Building context: "project.AC6+ARMCM0"

M650: Command completed successfully.

M652: Generated file for project build: 'C:/Sandbox/forked/cmsis-toolbox/test/build/build-asm/out_dir/tmp/project/ARMCM0/AC6/CMakeLists.txt'
-- The ASM compiler identification is ARMClang
-- Found assembler: C:/tools/ArmCompilerforEmbedded6.22/bin/armclang.exe
-- The C compiler identification is ARMClang 6.22.0
-- Detecting C compiler ABI info
-- Detecting C compiler ABI info - done
-- Check for working C compiler: C:/tools/ArmCompilerforEmbedded6.22/bin/armclang.exe - skipped
-- Detecting C compile features
-- Detecting C compile features - done
*** Using Compiler 'V6.22.0', folder: C:/tools/ArmCompilerforEmbedded6.22/bin
-- Configuring done (9.6s)
-- Generating done (0.1s)
-- Build files have been written to: C:/Sandbox/forked/cmsis-toolbox/test/build/build-asm/out_dir/tmp/project/ARMCM0/AC6
[1/8] Building AS_ARM object CMakeFiles/project.dir/C_/Sandbox/forked/cmsis-toolbox/test/build/build-asm/project/AC6/GnuSyntax.o
FAILED: CMakeFiles/project.dir/C_/Sandbox/forked/cmsis-toolbox/test/build/build-asm/project/AC6/GnuSyntax.o 
C:\tools\ArmCompilerforEmbedded6.22\bin\armclang.exe -IC:/Sandbox/forked/cmsis-toolbox/test/build/build-asm/project/RTE/_AC6_ARMCM0 -IC:/Users/soumeh01/AppData/Local/Arm/Packs/ARM/CMSIS/6.0.0/CMSIS/Core/Include -IC:/Users/soumeh01/AppData/Local/Arm/Packs/ARM/Cortex_DFP/1.0.0/Device/ARMCM0/Include -mcpu=Cortex-M0 -mfpu=none --target=arm-arm-none-eabi -c -masm=auto -masm=gnu -Wa,armasm,--pd,"ARMCM0 SETA 1" -Wa,armasm,--pd,"_RTE_ SETA 1" -Wa,armasm,--pd,"GAS_DEF SETA 1" -o CMakeFiles/project.dir/C_/Sandbox/forked/cmsis-toolbox/test/build/build-asm/project/AC6/GnuSyntax.o C:/Sandbox/forked/cmsis-toolbox/test/build/build-asm/project/AC6/GnuSyntax.s
C:/Sandbox/forked/cmsis-toolbox/test/build/build-asm/project/AC6/GnuSyntax.s:6:4: error: GAS_DEF is not defined!
   .error "GAS_DEF is not defined!"
   ^
[2/8] Building ASM object CMakeFiles/project.dir/C_/Sandbox/forked/cmsis-toolbox/test/build/build-asm/project/AC6/PreProcessed.o
[3/8] Building C object CMakeFiles/project.dir/C_/Sandbox/forked/cmsis-toolbox/test/build/build-asm/project/RTE/Device/ARMCM0/system_ARMCM0.o
[4/8] Building C object CMakeFiles/project.dir/C_/Sandbox/forked/cmsis-toolbox/test/build/build-asm/project/main.o
[5/8] Building C object CMakeFiles/project.dir/C_/Sandbox/forked/cmsis-toolbox/test/build/build-asm/project/RTE/Device/ARMCM0/startup_ARMCM0.o
[6/8] Building AS_ARM object CMakeFiles/project.dir/C_/Sandbox/forked/cmsis-toolbox/test/build/build-asm/project/AC6/AsmArm.o
Warning: A1950W: The legacy armasm assembler is deprecated. Consider using the armclang integrated assembler instead.
0 Errors, 1 Warning
[7/8] Building AS_ARM object CMakeFiles/project.dir/C_/Sandbox/forked/cmsis-toolbox/test/build/build-asm/project/AC6/Auto.o
Warning: A1950W: The legacy armasm assembler is deprecated. Consider using the armclang integrated assembler instead.
0 Errors, 1 Warning
ninja: build stopped: subcommand failed.
error cbuild: error executing 'cmake' build
error cbuild: error building 'C:\Sandbox\forked\cmsis-toolbox\test\build\build-asm\out_dir\project.AC6+ARMCM0.cprj'
===========================================================
(2/3) Building context: "project.CLANG+ARMCM0"

M650: Command completed successfully.

M652: Generated file for project build: 'C:/Sandbox/forked/cmsis-toolbox/test/build/build-asm/out_dir/tmp/project/ARMCM0/CLANG/CMakeLists.txt'
-- The ASM compiler identification is Clang with GNU-like command-line
-- Found assembler: C:/tools/LLVMEmbeddedToolchainForArm/bin/clang.exe
-- The C compiler identification is Clang 17.0.1
-- Detecting C compiler ABI info
-- Detecting C compiler ABI info - done
-- Check for working C compiler: C:/tools/LLVMEmbeddedToolchainForArm/bin/clang.exe - skipped
-- Detecting C compile features
-- Detecting C compile features - done
*** Using Compiler 'V17.0.1', folder: C:/tools/LLVMEmbeddedToolchainForArm/bin
-- Configuring done (3.8s)
-- Generating done (0.0s)
-- Build files have been written to: C:/Sandbox/forked/cmsis-toolbox/test/build/build-asm/out_dir/tmp/project/ARMCM0/CLANG
[1/6] Building ASM object CMakeFiles/project.dir/C_/Sandbox/forked/cmsis-toolbox/test/build/build-asm/project/GCC/NonPreProcessed.s.obj
clang: warning: argument unused during compilation: '-D PRE_PROCESSED_DEF' [-Wunused-command-line-argument]
clang: warning: argument unused during compilation: '-D ARMCM0' [-Wunused-command-line-argument]
clang: warning: argument unused during compilation: '-D _RTE_' [-Wunused-command-line-argument]
clang: warning: argument unused during compilation: '-MD' [-Wunused-command-line-argument]
clang: warning: argument unused during compilation: '-MT CMakeFiles/project.dir/C_/Sandbox/forked/cmsis-toolbox/test/build/build-asm/project/GCC/NonPreProcessed.s.obj' [-Wunused-command-line-argument]
clang: warning: argument unused during compilation: '-MF CMakeFiles\project.dir\C_\Sandbox\forked\cmsis-toolbox\test\build\build-asm\project\GCC\NonPreProcessed.s.obj.d' [-Wunused-command-line-argument]
[2/6] Building ASM object CMakeFiles/project.dir/C_/Sandbox/forked/cmsis-toolbox/test/build/build-asm/project/GCC/PreProcessed.S.obj
[3/6] Building C object CMakeFiles/project.dir/C_/Sandbox/forked/cmsis-toolbox/test/build/build-asm/project/RTE/Device/ARMCM0/system_ARMCM0.c.obj
[4/6] Building C object CMakeFiles/project.dir/C_/Sandbox/forked/cmsis-toolbox/test/build/build-asm/project/main.c.obj
[5/6] Building C object CMakeFiles/project.dir/C_/Sandbox/forked/cmsis-toolbox/test/build/build-asm/project/RTE/Device/ARMCM0/startup_ARMCM0.c.obj
[6/6] Linking C executable C:\Sandbox\forked\cmsis-toolbox\test\build\build-asm\out_dir\out\project\ARMCM0\CLANG\project.elf
info cbuild: build finished successfully!
=========================================================
(3/3) Building context: "project.GCC+ARMCM0"

M650: Command completed successfully.

M652: Generated file for project build: 'C:/Sandbox/forked/cmsis-toolbox/test/build/build-asm/out_dir/tmp/project/ARMCM0/GCC/CMakeLists.txt'
-- The ASM compiler identification is GNU
-- Found assembler: C:/Program Files (x86)/Arm GNU Toolchain arm-none-eabi/13.2 Rel1/bin/arm-none-eabi-gcc.exe
-- The C compiler identification is GNU 13.2.1
-- Detecting C compiler ABI info
-- Detecting C compiler ABI info - done
-- Check for working C compiler: C:/Program Files (x86)/Arm GNU Toolchain arm-none-eabi/13.2 Rel1/bin/arm-none-eabi-gcc.exe - skipped
-- Detecting C compile features
-- Detecting C compile features - done
-- Registered toolchain version 10.3.1 does not match running version 13.2.1
*** Using Compiler 'V13.2.1', folder: C:/Program Files (x86)/Arm GNU Toolchain arm-none-eabi/13.2 Rel1/bin
-- Configuring done (3.2s)
-- Generating done (0.0s)
-- Build files have been written to: C:/Sandbox/forked/cmsis-toolbox/test/build/build-asm/out_dir/tmp/project/ARMCM0/GCC
[1/7] Building AS_GNU object CMakeFiles/project.dir/C_/Sandbox/forked/cmsis-toolbox/test/build/build-asm/project/GCC/NonPreProcessed.o
[2/7] Building AS_GNU object CMakeFiles/project.dir/C_/Sandbox/forked/cmsis-toolbox/test/build/build-asm/project/GCC/GAS.o
[3/7] Building ASM object CMakeFiles/project.dir/C_/Sandbox/forked/cmsis-toolbox/test/build/build-asm/project/GCC/PreProcessed.S.obj
[4/7] Building C object CMakeFiles/project.dir/C_/Sandbox/forked/cmsis-toolbox/test/build/build-asm/project/RTE/Device/ARMCM0/startup_ARMCM0.c.obj
[5/7] Building C object CMakeFiles/project.dir/C_/Sandbox/forked/cmsis-toolbox/test/build/build-asm/project/main.c.obj
[6/7] Building C object CMakeFiles/project.dir/C_/Sandbox/forked/cmsis-toolbox/test/build/build-asm/project/RTE/Device/ARMCM0/system_ARMCM0.c.obj
[7/7] Linking C executable C:\Sandbox\forked\cmsis-toolbox\test\build\build-asm\out_dir\out\project\ARMCM0\GCC\project.elf
C:/PROGRA~2/ARMGNU~1/13C7F1~1.2RE/bin/../lib/gcc/arm-none-eabi/13.2.1/../../../../arm-none-eabi/bin/ld.exe: warning: C:\Sandbox\forked\cmsis-toolbox\test\build\build-asm\out_dir\out\project\ARMCM0\GCC\project.elf has a LOAD segment with RWX permissions
info cbuild: build finished successfully!

Build summary: Build failed - Time Elapsed: 00:00:25</msg>
<arg>StdOut: ${result.stdout}</arg>
<doc>Logs the given messages as separate entries using the INFO level.</doc>
<status status="PASS" start="2024-05-27T16:49:04.340362" elapsed="0.018720"/>
</kw>
<return>
<value>${ret_code}</value>
<status status="PASS" start="2024-05-27T16:49:04.359082" elapsed="0.000000"/>
</return>
<msg time="2024-05-27T16:49:04.359082" level="INFO">${ret_code} = 0</msg>
<var>${ret_code}</var>
<arg>cbuild</arg>
<arg>${input_file}</arg>
<arg>@{args}</arg>
<doc>Run specified executable with arguments</doc>
<status status="PASS" start="2024-05-27T16:48:38.090081" elapsed="26.269001"/>
</kw>
<return>
<value>${ret_code}</value>
<status status="PASS" start="2024-05-27T16:49:04.359082" elapsed="0.000000"/>
</return>
<msg time="2024-05-27T16:49:04.360080" level="INFO">${ret_code} = 0</msg>
<var>${ret_code}</var>
<arg>${input_file}</arg>
<arg>${ex_args}</arg>
<doc>Run cbuild with specified arguments</doc>
<status status="PASS" start="2024-05-27T16:48:38.090081" elapsed="26.269999"/>
</kw>
<kw name="Should Be Equal" owner="BuiltIn">
<arg>${ret_code}</arg>
<arg>${expect}</arg>
<arg>msg=Unexpected status returned by cbuildgen execution</arg>
<doc>Fails if the given objects are unequal.</doc>
<status status="PASS" start="2024-05-27T16:49:04.360080" elapsed="0.000000"/>
</kw>
<arg>${input_file}</arg>
<arg>${expect}</arg>
<arg>${args}</arg>
<doc>Run the csolution project with cbuildgen</doc>
<status status="PASS" start="2024-05-27T16:48:38.088082" elapsed="26.272999"/>
</kw>
<kw name="Run Project With cbuild2cmake" owner="utils">
<kw name="Append Additional Arguments" owner="utils">
<kw name="Combine Lists" owner="Collections">
<msg time="2024-05-27T16:49:04.363080" level="INFO">${args} = ['--cbuild2cmake']</msg>
<var>${args}</var>
<arg>${list}</arg>
<arg>${values}</arg>
<doc>Combines the given ``lists`` together and returns the result.</doc>
<status status="PASS" start="2024-05-27T16:49:04.362080" elapsed="0.001000"/>
</kw>
<return>
<value>${args}</value>
<status status="PASS" start="2024-05-27T16:49:04.363080" elapsed="0.000000"/>
</return>
<msg time="2024-05-27T16:49:04.363080" level="INFO">${ex_args} = ['--cbuild2cmake']</msg>
<var>${ex_args}</var>
<arg>${args}</arg>
<arg>--cbuild2cmake</arg>
<doc>Append values to the list</doc>
<status status="PASS" start="2024-05-27T16:49:04.362080" elapsed="0.001000"/>
</kw>
<kw name="Run cbuild" owner="utils">
<kw name="Append To List" owner="Collections">
<arg>${args}</arg>
<arg>-p</arg>
<arg>-r</arg>
<arg>--update-rte</arg>
<doc>Adds ``values`` to the end of ``list``.</doc>
<status status="PASS" start="2024-05-27T16:49:04.364083" elapsed="0.000997"/>
</kw>
<kw name="Run Program" owner="utils">
<kw name="Run Process" owner="Process">
<msg time="2024-05-27T16:49:04.368083" level="INFO">Starting process:
cbuild C:\Sandbox\forked\cmsis-toolbox\test\build\build-asm\solution.csolution.yml --cbuild2cmake -p -r --update-rte</msg>
<msg time="2024-05-27T16:49:04.384112" level="INFO">Waiting for process to complete.</msg>
<msg time="2024-05-27T16:49:18.629190" level="INFO">Process completed.</msg>
<msg time="2024-05-27T16:49:18.629190" level="INFO">${result} = &lt;result object with rc 0&gt;</msg>
<var>${result}</var>
<arg>${exe_path}</arg>
<arg>${input_File}</arg>
<arg>@{args}</arg>
<arg>shell=True</arg>
<arg>stdout=C:\\Sandbox\\forked\\cmsis-toolbox\\test\\resources/stdout.txt</arg>
<doc>Runs a process and waits for it to complete.</doc>
<status status="PASS" start="2024-05-27T16:49:04.366084" elapsed="14.263106"/>
</kw>
<kw name="Set Variable If" owner="BuiltIn">
<msg time="2024-05-27T16:49:18.635107" level="INFO">${ret_code} = 0</msg>
<var>${ret_code}</var>
<arg>${result.rc} == ${0}</arg>
<arg>${result.rc}</arg>
<arg>${1}</arg>
<doc>Sets variable based on the given condition.</doc>
<status status="PASS" start="2024-05-27T16:49:18.631110" elapsed="0.003997"/>
</kw>
<kw name="Log Many" owner="BuiltIn">
<msg time="2024-05-27T16:49:18.657019" level="INFO">StdOut: info cbuild: Build Invocation  (C) 2024 Arm Ltd. and Contributors
C:/Sandbox/forked/cmsis-toolbox/test/build/build-asm/solution.cbuild-pack.yml - info csolution: file is already up-to-date
C:/Sandbox/forked/cmsis-toolbox/test/build/build-asm/solution.cbuild-idx.yml - info csolution: file generated successfully
C:/Sandbox/forked/cmsis-toolbox/test/build/build-asm/project/project.AC6+ARMCM0.cbuild.yml - info csolution: file generated successfully
C:/Sandbox/forked/cmsis-toolbox/test/build/build-asm/project/project.CLANG+ARMCM0.cbuild.yml - info csolution: file generated successfully
C:/Sandbox/forked/cmsis-toolbox/test/build/build-asm/project/project.GCC+ARMCM0.cbuild.yml - info csolution: file generated successfully
C:/Sandbox/forked/cmsis-toolbox/test/build/build-asm/project/project.AC6+ARMCM0.cprj - info csolution: file generated successfully
C:/Sandbox/forked/cmsis-toolbox/test/build/build-asm/project/project.CLANG+ARMCM0.cprj - info csolution: file generated successfully
C:/Sandbox/forked/cmsis-toolbox/test/build/build-asm/project/project.GCC+ARMCM0.cprj - info csolution: file generated successfully
info cbuild: Processing 3 context(s)
info cbuild: Cleaning context: "project.AC6+ARMCM0"
info cbuild: clean finished successfully!
info cbuild: Cleaning context: "project.CLANG+ARMCM0"
info cbuild: clean finished successfully!
info cbuild: Cleaning context: "project.GCC+ARMCM0"
info cbuild: clean finished successfully!
info cbuild2cmake: Generate CMakeLists 0.9.0 (C) 2024 Arm Ltd. and Contributors
info cbuild2cmake: CMakeLists were successfully generated in the C:/Sandbox/forked/cmsis-toolbox/test/build/build-asm/tmp directory
-- Configuring done (0.6s)
-- Generating done (0.1s)
-- Build files have been written to: C:/Sandbox/forked/cmsis-toolbox/test/build/build-asm/tmp
[1/27] Creating directories for 'project.AC6+ARMCM0'
[2/27] Creating directories for 'project.CLANG+ARMCM0'
[3/27] Creating directories for 'project.GCC+ARMCM0'
[4/27] No download step for 'project.AC6+ARMCM0'
[5/27] No download step for 'project.CLANG+ARMCM0'
[6/27] No download step for 'project.GCC+ARMCM0'
[7/27] No update step for 'project.AC6+ARMCM0'
[8/27] No update step for 'project.CLANG+ARMCM0'
[9/27] No update step for 'project.GCC+ARMCM0'
[10/27] No patch step for 'project.AC6+ARMCM0'
[11/27] No patch step for 'project.CLANG+ARMCM0'
[12/27] No patch step for 'project.GCC+ARMCM0'
[13/27] Performing configure step for 'project.CLANG+ARMCM0'
-- The C compiler identification is Clang 17.0.1
-- The ASM compiler identification is Clang with GNU-like command-line
-- Found assembler: C:/tools/LLVMEmbeddedToolchainForArm/bin/clang.exe
-- Detecting C compiler ABI info
-- Detecting C compiler ABI info - done
-- Check for working C compiler: C:/tools/LLVMEmbeddedToolchainForArm/bin/clang.exe - skipped
-- Detecting C compile features
-- Detecting C compile features - done
-- Configuring done (3.1s)
-- Generating done (0.1s)
-- Build files have been written to: C:/Sandbox/forked/cmsis-toolbox/test/build/build-asm/tmp/2
[14/27] Performing configure step for 'project.GCC+ARMCM0'
-- The C compiler identification is GNU 13.2.1
-- The ASM compiler identification is GNU
-- Found assembler: C:/Program Files (x86)/Arm GNU Toolchain arm-none-eabi/13.2 Rel1/bin/arm-none-eabi-gcc.exe
-- Detecting C compiler ABI info
-- Detecting C compiler ABI info - done
-- Check for working C compiler: C:/Program Files (x86)/Arm GNU Toolchain arm-none-eabi/13.2 Rel1/bin/arm-none-eabi-gcc.exe - skipped
-- Detecting C compile features
-- Detecting C compile features - done
-- Configuring done (3.1s)
-- Generating done (0.1s)
-- Build files have been written to: C:/Sandbox/forked/cmsis-toolbox/test/build/build-asm/tmp/3
[15/27] Performing build step for 'project.CLANG+ARMCM0'
[1/6] Building ASM object CMakeFiles/Group_GCC-CLANG.dir/C_/Sandbox/forked/cmsis-toolbox/test/build/build-asm/project/GCC/NonPreProcessed.s.obj
clang: warning: argument unused during compilation: '-D PRE_PROCESSED_DEF' [-Wunused-command-line-argument]
clang: warning: argument unused during compilation: '-MD' [-Wunused-command-line-argument]
clang: warning: argument unused during compilation: '-MT CMakeFiles/Group_GCC-CLANG.dir/C_/Sandbox/forked/cmsis-toolbox/test/build/build-asm/project/GCC/NonPreProcessed.s.obj' [-Wunused-command-line-argument]
clang: warning: argument unused during compilation: '-MF CMakeFiles\Group_GCC-CLANG.dir\C_\Sandbox\forked\cmsis-toolbox\test\build\build-asm\project\GCC\NonPreProcessed.s.obj.d' [-Wunused-command-line-argument]
[2/6] Building C object CMakeFiles/Group_Source.dir/C_/Sandbox/forked/cmsis-toolbox/test/build/build-asm/project/main.c.obj
[3/6] Building C object CMakeFiles/ARM_Device_Startup_C_Startup_2_2_0.dir/C_/Sandbox/forked/cmsis-toolbox/test/build/build-asm/project/RTE/Device/ARMCM0/startup_ARMCM0.c.obj
[4/6] Building C object CMakeFiles/ARM_Device_Startup_C_Startup_2_2_0.dir/C_/Sandbox/forked/cmsis-toolbox/test/build/build-asm/project/RTE/Device/ARMCM0/system_ARMCM0.c.obj
[5/6] Building ASM object CMakeFiles/Group_GCC-CLANG.dir/C_/Sandbox/forked/cmsis-toolbox/test/build/build-asm/project/GCC/PreProcessed.S.obj
[6/6] Linking C executable C:\Sandbox\forked\cmsis-toolbox\test\build\build-asm\out\project\ARMCM0\CLANG\project.elf
[16/27] No install step for 'project.CLANG+ARMCM0'
[17/27] Performing build step for 'project.GCC+ARMCM0'
[1/7] Building ASM object CMakeFiles/Group_GCC-CLANG.dir/C_/Sandbox/forked/cmsis-toolbox/test/build/build-asm/project/GCC/NonPreProcessed.s.obj
[2/7] Building ASM object CMakeFiles/Group_GCC-CLANG.dir/C_/Sandbox/forked/cmsis-toolbox/test/build/build-asm/project/GCC/GAS.s.obj
[3/7] Building ASM object CMakeFiles/Group_GCC-CLANG.dir/C_/Sandbox/forked/cmsis-toolbox/test/build/build-asm/project/GCC/PreProcessed.S.obj
[4/7] Building C object CMakeFiles/Group_Source.dir/C_/Sandbox/forked/cmsis-toolbox/test/build/build-asm/project/main.c.obj
[5/7] Building C object CMakeFiles/ARM_Device_Startup_C_Startup_2_2_0.dir/C_/Sandbox/forked/cmsis-toolbox/test/build/build-asm/project/RTE/Device/ARMCM0/system_ARMCM0.c.obj
[6/7] Building C object CMakeFiles/ARM_Device_Startup_C_Startup_2_2_0.dir/C_/Sandbox/forked/cmsis-toolbox/test/build/build-asm/project/RTE/Device/ARMCM0/startup_ARMCM0.c.obj
[7/7] Linking C executable C:\Sandbox\forked\cmsis-toolbox\test\build\build-asm\out\project\ARMCM0\GCC\project.elf
C:/PROGRA~2/ARMGNU~1/13C7F1~1.2RE/bin/../lib/gcc/arm-none-eabi/13.2.1/../../../../arm-none-eabi/bin/ld.exe: warning: C:\Sandbox\forked\cmsis-toolbox\test\build\build-asm\out\project\ARMCM0\GCC\project.elf has a LOAD segment with RWX permissions
[18/27] No install step for 'project.GCC+ARMCM0'
[19/27] No test step for 'project.CLANG+ARMCM0'
[20/27] No test step for 'project.GCC+ARMCM0'
[21/27] Completed 'project.CLANG+ARMCM0'
[22/27] Completed 'project.GCC+ARMCM0'
[23/27] Performing configure step for 'project.AC6+ARMCM0'
-- The C compiler identification is ARMClang 6.22.0
-- The ASM compiler identification is ARMClang
-- Found assembler: C:/tools/ArmCompilerforEmbedded6.22/bin/armclang.exe
-- Detecting C compiler ABI info
-- Detecting C compiler ABI info - done
-- Check for working C compiler: C:/tools/ArmCompilerforEmbedded6.22/bin/armclang.exe - skipped
-- Detecting C compile features
-- Detecting C compile features - done
-- Configuring done (8.8s)
-- Generating done (0.0s)
-- Build files have been written to: C:/Sandbox/forked/cmsis-toolbox/test/build/build-asm/tmp/1
[24/27] Performing build step for 'project.AC6+ARMCM0'
[1/8] Building ASM object CMakeFiles/Group_AC6.dir/C_/Sandbox/forked/cmsis-toolbox/test/build/build-asm/project/AC6/GnuSyntax.o
[2/8] Building C object CMakeFiles/Group_Source.dir/C_/Sandbox/forked/cmsis-toolbox/test/build/build-asm/project/main.o
[3/8] Building C object CMakeFiles/ARM_Device_Startup_C_Startup_2_2_0.dir/C_/Sandbox/forked/cmsis-toolbox/test/build/build-asm/project/RTE/Device/ARMCM0/system_ARMCM0.o
[4/8] Building C object CMakeFiles/ARM_Device_Startup_C_Startup_2_2_0.dir/C_/Sandbox/forked/cmsis-toolbox/test/build/build-asm/project/RTE/Device/ARMCM0/startup_ARMCM0.o
[5/8] Building ASM object CMakeFiles/Group_AC6.dir/C_/Sandbox/forked/cmsis-toolbox/test/build/build-asm/project/AC6/Auto.o
Warning: A1950W: The legacy armasm assembler is deprecated. Consider using the armclang integrated assembler instead.
0 Errors, 1 Warning
[6/8] Building ASM object CMakeFiles/Group_AC6.dir/C_/Sandbox/forked/cmsis-toolbox/test/build/build-asm/project/AC6/AsmArm.o
Warning: A1950W: The legacy armasm assembler is deprecated. Consider using the armclang integrated assembler instead.
0 Errors, 1 Warning
[7/8] Building ASM object CMakeFiles/Group_AC6.dir/C_/Sandbox/forked/cmsis-toolbox/test/build/build-asm/project/AC6/PreProcessed.o
[8/8] Linking C executable C:\Sandbox\forked\cmsis-toolbox\test\build\build-asm\out\project\ARMCM0\AC6\project.axf
Program Size: Code=240 RO-data=208 RW-data=4 ZI-data=3584  
[25/27] No install step for 'project.AC6+ARMCM0'
[26/27] No test step for 'project.AC6+ARMCM0'
[27/27] Completed 'project.AC6+ARMCM0'
info cbuild: build finished successfully!

Build summary: Build completed successfully - Time Elapsed: 00:00:13</msg>
<arg>StdOut: ${result.stdout}</arg>
<doc>Logs the given messages as separate entries using the INFO level.</doc>
<status status="PASS" start="2024-05-27T16:49:18.636110" elapsed="0.020909"/>
</kw>
<return>
<value>${ret_code}</value>
<status status="PASS" start="2024-05-27T16:49:18.657947" elapsed="0.000000"/>
</return>
<msg time="2024-05-27T16:49:18.657947" level="INFO">${ret_code} = 0</msg>
<var>${ret_code}</var>
<arg>cbuild</arg>
<arg>${input_file}</arg>
<arg>@{args}</arg>
<doc>Run specified executable with arguments</doc>
<status status="PASS" start="2024-05-27T16:49:04.365080" elapsed="14.292867"/>
</kw>
<return>
<value>${ret_code}</value>
<status status="PASS" start="2024-05-27T16:49:18.657947" elapsed="0.000000"/>
</return>
<msg time="2024-05-27T16:49:18.657947" level="INFO">${ret_code} = 0</msg>
<var>${ret_code}</var>
<arg>${input_file}</arg>
<arg>${ex_args}</arg>
<doc>Run cbuild with specified arguments</doc>
<status status="PASS" start="2024-05-27T16:49:04.364083" elapsed="14.294865"/>
</kw>
<kw name="Should Be Equal" owner="BuiltIn">
<arg>${ret_code}</arg>
<arg>${expect}</arg>
<arg>msg=Unexpected status returned by cbuild2cmake execution</arg>
<doc>Fails if the given objects are unequal.</doc>
<status status="PASS" start="2024-05-27T16:49:18.658948" elapsed="0.000000"/>
</kw>
<arg>${input_file}</arg>
<arg>${expect}</arg>
<arg>${args}</arg>
<doc>Run the csolution project with cbuild2cmake</doc>
<status status="PASS" start="2024-05-27T16:49:04.361319" elapsed="14.298628"/>
</kw>
<kw name="Get Parent Directory Path" owner="utils">
<msg time="2024-05-27T16:49:18.659947" level="INFO">${parent_path} = C:\Sandbox\forked\cmsis-toolbox\test\build\build-asm</msg>
<var>${parent_path}</var>
<arg>${input_file}</arg>
<status status="PASS" start="2024-05-27T16:49:18.659947" elapsed="0.000000"/>
</kw>
<kw name="Run Keyword And Return" owner="BuiltIn">
<kw name="Compare Elf Information" owner="elf_compare">
<msg time="2024-05-27T16:49:18.662126" level="INFO">Running Command: c b u i l d   l i s t   c o n t e x t s   C : \ S a n d b o x \ f o r k e d \ c m s i s - t o o l b o x \ t e s t \ b u i l d \ b u i l d - a s m \ s o l u t i o n . c s o l u t i o n . y m l</msg>
<msg time="2024-05-27T16:49:19.615623" level="INFO">Processing context: project.AC6+ARMCM0</msg>
<msg time="2024-05-27T16:49:19.615623" level="INFO">basePath: C:\Sandbox\forked\cmsis-toolbox\test\build\build-asm\out_dir\out</msg>
<msg time="2024-05-27T16:49:19.615623" level="INFO">Path: </msg>
<msg time="2024-05-27T16:49:19.615623" level="INFO">Processing context: project.CLANG+ARMCM0</msg>
<msg time="2024-05-27T16:49:19.615623" level="INFO">basePath: C:\Sandbox\forked\cmsis-toolbox\test\build\build-asm\out_dir\out</msg>
<msg time="2024-05-27T16:49:19.616626" level="INFO">Path: project/ARMCM0/CLANG/project.elf</msg>
<msg time="2024-05-27T16:49:19.616626" level="INFO">Running Command: f r o m e l f   C : \ S a n d b o x \ f o r k e d \ c m s i s - t o o l b o x \ t e s t \ b u i l d \ b u i l d - a s m \ o u t _ d i r \ o u t \ p r o j e c t / A R M C M 0 / C L A N G / p r o j e c t . e l f   - z</msg>
<msg time="2024-05-27T16:49:19.732979" level="INFO">Running Command: f r o m e l f   C : \ S a n d b o x \ f o r k e d \ c m s i s - t o o l b o x \ t e s t \ b u i l d \ b u i l d - a s m \ o u t \ p r o j e c t / A R M C M 0 / C L A N G / p r o j e c t . e l f   - z</msg>
<msg time="2024-05-27T16:49:19.816945" level="INFO">Object Info 
========================================================================

** Object/Image Component Sizes

      Code (inc. data)   RO Data    RW Data    ZI Data      Debug   Object Name

      9736        352        336         24       4872      48965   C:\Sandbox\forked\cmsis-toolbox\test\build\build-asm\out_dir\out\project/ARMCM0/CLANG/project.elf
      9736        352        336         24          0          0   ROM Totals for C:\Sandbox\forked\cmsis-toolbox\test\build\build-asm\out_dir\out\project/ARMCM0/CLANG/project.elf
</msg>
<msg time="2024-05-27T16:49:19.816945" level="INFO">Object Info 
========================================================================

** Object/Image Component Sizes

      Code (inc. data)   RO Data    RW Data    ZI Data      Debug   Object Name

      9736        352        336         24       4872      48965   C:\Sandbox\forked\cmsis-toolbox\test\build\build-asm\out\project/ARMCM0/CLANG/project.elf
      9736        352        336         24          0          0   ROM Totals for C:\Sandbox\forked\cmsis-toolbox\test\build\build-asm\out\project/ARMCM0/CLANG/project.elf
</msg>
<msg time="2024-05-27T16:49:19.816945" level="INFO">Processing context: project.GCC+ARMCM0</msg>
<msg time="2024-05-27T16:49:19.816945" level="INFO">basePath: C:\Sandbox\forked\cmsis-toolbox\test\build\build-asm\out_dir\out</msg>
<msg time="2024-05-27T16:49:19.817946" level="INFO">Path: project/ARMCM0/GCC/project.elf</msg>
<msg time="2024-05-27T16:49:19.817946" level="INFO">Running Command: f r o m e l f   C : \ S a n d b o x \ f o r k e d \ c m s i s - t o o l b o x \ t e s t \ b u i l d \ b u i l d - a s m \ o u t _ d i r \ o u t \ p r o j e c t / A R M C M 0 / G C C / p r o j e c t . e l f   - z</msg>
<msg time="2024-05-27T16:49:19.886158" level="INFO">Running Command: f r o m e l f   C : \ S a n d b o x \ f o r k e d \ c m s i s - t o o l b o x \ t e s t \ b u i l d \ b u i l d - a s m \ o u t \ p r o j e c t / A R M C M 0 / G C C / p r o j e c t . e l f   - z</msg>
<msg time="2024-05-27T16:49:19.960805" level="INFO">Object Info 
========================================================================

** Object/Image Component Sizes

      Code (inc. data)   RO Data    RW Data    ZI Data      Debug   Object Name

      3560        556          8        408       4628       2785   C:\Sandbox\forked\cmsis-toolbox\test\build\build-asm\out_dir\out\project/ARMCM0/GCC/project.elf
      3560        556          8        408          0          0   ROM Totals for C:\Sandbox\forked\cmsis-toolbox\test\build\build-asm\out_dir\out\project/ARMCM0/GCC/project.elf
</msg>
<msg time="2024-05-27T16:49:19.960805" level="INFO">Object Info 
========================================================================

** Object/Image Component Sizes

      Code (inc. data)   RO Data    RW Data    ZI Data      Debug   Object Name

      3560        556          8        408       4628       2785   C:\Sandbox\forked\cmsis-toolbox\test\build\build-asm\out\project/ARMCM0/GCC/project.elf
      3560        556          8        408          0          0   ROM Totals for C:\Sandbox\forked\cmsis-toolbox\test\build\build-asm\out\project/ARMCM0/GCC/project.elf
</msg>
<arg>${input_file}</arg>
<arg>${parent_path}${/}${Out_Dir}${/}${Default_Out_Dir}</arg>
<arg>${parent_path}${/}${Default_Out_Dir}</arg>
<status status="PASS" start="2024-05-27T16:49:18.660947" elapsed="1.299858"/>
</kw>
<msg time="2024-05-27T16:49:19.961804" level="INFO">Returning from the enclosing user keyword.</msg>
<var>${result}</var>
<arg>Compare Elf Information</arg>
<arg>${input_file}</arg>
<arg>${parent_path}${/}${Out_Dir}${/}${Default_Out_Dir}</arg>
<arg>${parent_path}${/}${Default_Out_Dir}</arg>
<doc>Runs the specified keyword and returns from the enclosing user keyword.</doc>
<status status="PASS" start="2024-05-27T16:49:18.660947" elapsed="1.300857"/>
</kw>
<kw name="Should Be True" owner="BuiltIn">
<arg>${result}</arg>
<doc>Fails if the given condition is not true.</doc>
<status status="NOT RUN" start="2024-05-27T16:49:19.961804" elapsed="0.000000"/>
</kw>
<arg>${TEST_DATA_DIR}${/}${build-asm}${/}solution.csolution.yml</arg>
<arg>${Pass}</arg>
<status status="PASS" start="2024-05-27T16:48:38.086128" elapsed="41.875676"/>
</kw>
<status status="PASS" start="2024-05-27T16:48:38.086091" elapsed="41.875713"/>
</test>
<test id="s1-t2" name="Validate build-c Example" line="33">
<kw name="Run Csolution Project">
<kw name="Run Project with cbuildgen" owner="utils">
<kw name="Get Parent Directory Path" owner="utils">
<msg time="2024-05-27T16:49:19.967804" level="INFO">${parent_path} = C:\Sandbox\forked\cmsis-toolbox\test\build\build-c</msg>
<var>${parent_path}</var>
<arg>${input_file}</arg>
<status status="PASS" start="2024-05-27T16:49:19.967804" elapsed="0.001000"/>
</kw>
<kw name="Append Additional Arguments" owner="utils">
<kw name="Combine Lists" owner="Collections">
<msg time="2024-05-27T16:49:19.969802" level="INFO">${args} = ['--output', 'C:\\Sandbox\\forked\\cmsis-toolbox\\test\\build\\build-c\\out_dir']</msg>
<var>${args}</var>
<arg>${list}</arg>
<arg>${values}</arg>
<doc>Combines the given ``lists`` together and returns the result.</doc>
<status status="PASS" start="2024-05-27T16:49:19.969802" elapsed="0.000000"/>
</kw>
<return>
<value>${args}</value>
<status status="PASS" start="2024-05-27T16:49:19.969802" elapsed="0.000000"/>
</return>
<msg time="2024-05-27T16:49:19.970802" level="INFO">${ex_args} = ['--output', 'C:\\Sandbox\\forked\\cmsis-toolbox\\test\\build\\build-c\\out_dir']</msg>
<var>${ex_args}</var>
<arg>${args}</arg>
<arg>--output</arg>
<arg>${parent_path}${/}${Out_Dir}</arg>
<doc>Append values to the list</doc>
<status status="PASS" start="2024-05-27T16:49:19.968804" elapsed="0.001998"/>
</kw>
<kw name="Run cbuild" owner="utils">
<kw name="Append To List" owner="Collections">
<arg>${args}</arg>
<arg>-p</arg>
<arg>-r</arg>
<arg>--update-rte</arg>
<doc>Adds ``values`` to the end of ``list``.</doc>
<status status="PASS" start="2024-05-27T16:49:19.971802" elapsed="0.000000"/>
</kw>
<kw name="Run Program" owner="utils">
<kw name="Run Process" owner="Process">
<msg time="2024-05-27T16:49:19.973802" level="INFO">Starting process:
cbuild C:\Sandbox\forked\cmsis-toolbox\test\build\build-c\solution.csolution.yml --output C:\Sandbox\forked\cmsis-toolbox\test\build\build-c\out_dir -p -r --update-rte</msg>
<msg time="2024-05-27T16:49:19.986097" level="INFO">Waiting for process to complete.</msg>
<msg time="2024-05-27T16:49:33.071987" level="INFO">Process completed.</msg>
<msg time="2024-05-27T16:49:33.073061" level="INFO">${result} = &lt;result object with rc 0&gt;</msg>
<var>${result}</var>
<arg>${exe_path}</arg>
<arg>${input_File}</arg>
<arg>@{args}</arg>
<arg>shell=True</arg>
<arg>stdout=C:\\Sandbox\\forked\\cmsis-toolbox\\test\\resources/stdout.txt</arg>
<doc>Runs a process and waits for it to complete.</doc>
<status status="PASS" start="2024-05-27T16:49:19.972802" elapsed="13.100259"/>
</kw>
<kw name="Set Variable If" owner="BuiltIn">
<msg time="2024-05-27T16:49:33.080076" level="INFO">${ret_code} = 0</msg>
<var>${ret_code}</var>
<arg>${result.rc} == ${0}</arg>
<arg>${result.rc}</arg>
<arg>${1}</arg>
<doc>Sets variable based on the given condition.</doc>
<status status="PASS" start="2024-05-27T16:49:33.073993" elapsed="0.006083"/>
</kw>
<kw name="Log Many" owner="BuiltIn">
<msg time="2024-05-27T16:49:33.111920" level="INFO">StdOut: info cbuild: Build Invocation  (C) 2024 Arm Ltd. and Contributors
C:/Sandbox/forked/cmsis-toolbox/test/build/build-c/solution.cbuild-pack.yml - info csolution: file generated successfully
C:/Sandbox/forked/cmsis-toolbox/test/build/build-c/out_dir/solution.cbuild-idx.yml - info csolution: file generated successfully
C:/Sandbox/forked/cmsis-toolbox/test/build/build-c/out_dir/project.AC6+ARMCM0.cbuild.yml - info csolution: file generated successfully
C:/Sandbox/forked/cmsis-toolbox/test/build/build-c/out_dir/project.CLANG+ARMCM0.cbuild.yml - info csolution: file generated successfully
C:/Sandbox/forked/cmsis-toolbox/test/build/build-c/out_dir/project.GCC+ARMCM0.cbuild.yml - info csolution: file generated successfully
C:/Sandbox/forked/cmsis-toolbox/test/build/build-c/out_dir/project.AC6+ARMCM0.cprj - info csolution: file generated successfully
C:/Sandbox/forked/cmsis-toolbox/test/build/build-c/out_dir/project.CLANG+ARMCM0.cprj - info csolution: file generated successfully
C:/Sandbox/forked/cmsis-toolbox/test/build/build-c/out_dir/project.GCC+ARMCM0.cprj - info csolution: file generated successfully
info cbuild: Processing 3 context(s)
info cbuild: Retrieve build information for context: "project.AC6+ARMCM0"
info cbuild: Retrieve build information for context: "project.CLANG+ARMCM0"
info cbuild: Retrieve build information for context: "project.GCC+ARMCM0"
info cbuild: Cleaning context: "project.AC6+ARMCM0"
info cbuild: clean finished successfully!
info cbuild: Cleaning context: "project.CLANG+ARMCM0"
info cbuild: clean finished successfully!
info cbuild: Cleaning context: "project.GCC+ARMCM0"
info cbuild: clean finished successfully!
=========================================================
(1/3) Building context: "project.AC6+ARMCM0"

M650: Command completed successfully.

M652: Generated file for project build: 'C:/Sandbox/forked/cmsis-toolbox/test/build/build-c/out_dir/tmp/project/ARMCM0/AC6/CMakeLists.txt'
-- The C compiler identification is ARMClang 6.22.0
-- Detecting C compiler ABI info
-- Detecting C compiler ABI info - done
-- Check for working C compiler: C:/tools/ArmCompilerforEmbedded6.22/bin/armclang.exe - skipped
-- Detecting C compile features
-- Detecting C compile features - done
*** Using Compiler 'V6.22.0', folder: C:/tools/ArmCompilerforEmbedded6.22/bin
-- Configuring done (4.1s)
-- Generating done (0.0s)
-- Build files have been written to: C:/Sandbox/forked/cmsis-toolbox/test/build/build-c/out_dir/tmp/project/ARMCM0/AC6
[1/4] Building C object CMakeFiles/project.dir/C_/Sandbox/forked/cmsis-toolbox/test/build/build-c/project/RTE/Device/ARMCM0/startup_ARMCM0.o
[2/4] Building C object CMakeFiles/project.dir/C_/Sandbox/forked/cmsis-toolbox/test/build/build-c/project/RTE/Device/ARMCM0/system_ARMCM0.o
[3/4] Building C object CMakeFiles/project.dir/C_/Sandbox/forked/cmsis-toolbox/test/build/build-c/project/main.o
[4/4] Linking C executable C:\Sandbox\forked\cmsis-toolbox\test\build\build-c\out_dir\out\project\ARMCM0\AC6\project.axf
Program Size: Code=240 RO-data=208 RW-data=4 ZI-data=3584  
info cbuild: build finished successfully!
===========================================================
(2/3) Building context: "project.CLANG+ARMCM0"

M650: Command completed successfully.

M652: Generated file for project build: 'C:/Sandbox/forked/cmsis-toolbox/test/build/build-c/out_dir/tmp/project/ARMCM0/CLANG/CMakeLists.txt'
-- The C compiler identification is Clang 17.0.1
-- Detecting C compiler ABI info
-- Detecting C compiler ABI info - done
-- Check for working C compiler: C:/tools/LLVMEmbeddedToolchainForArm/bin/clang.exe - skipped
-- Detecting C compile features
-- Detecting C compile features - done
*** Using Compiler 'V17.0.1', folder: C:/tools/LLVMEmbeddedToolchainForArm/bin
-- Configuring done (2.1s)
-- Generating done (0.0s)
-- Build files have been written to: C:/Sandbox/forked/cmsis-toolbox/test/build/build-c/out_dir/tmp/project/ARMCM0/CLANG
[1/4] Building C object CMakeFiles/project.dir/C_/Sandbox/forked/cmsis-toolbox/test/build/build-c/project/RTE/Device/ARMCM0/startup_ARMCM0.c.obj
[2/4] Building C object CMakeFiles/project.dir/C_/Sandbox/forked/cmsis-toolbox/test/build/build-c/project/main.c.obj
[3/4] Building C object CMakeFiles/project.dir/C_/Sandbox/forked/cmsis-toolbox/test/build/build-c/project/RTE/Device/ARMCM0/system_ARMCM0.c.obj
[4/4] Linking C executable C:\Sandbox\forked\cmsis-toolbox\test\build\build-c\out_dir\out\project\ARMCM0\CLANG\project.elf
info cbuild: build finished successfully!
=========================================================
(3/3) Building context: "project.GCC+ARMCM0"

M650: Command completed successfully.

M652: Generated file for project build: 'C:/Sandbox/forked/cmsis-toolbox/test/build/build-c/out_dir/tmp/project/ARMCM0/GCC/CMakeLists.txt'
-- The C compiler identification is GNU 13.2.1
-- Detecting C compiler ABI info
-- Detecting C compiler ABI info - done
-- Check for working C compiler: C:/Program Files (x86)/Arm GNU Toolchain arm-none-eabi/13.2 Rel1/bin/arm-none-eabi-gcc.exe - skipped
-- Detecting C compile features
-- Detecting C compile features - done
-- Registered toolchain version 10.3.1 does not match running version 13.2.1
*** Using Compiler 'V13.2.1', folder: C:/Program Files (x86)/Arm GNU Toolchain arm-none-eabi/13.2 Rel1/bin
-- Configuring done (1.9s)
-- Generating done (0.0s)
-- Build files have been written to: C:/Sandbox/forked/cmsis-toolbox/test/build/build-c/out_dir/tmp/project/ARMCM0/GCC
[1/4] Building C object CMakeFiles/project.dir/C_/Sandbox/forked/cmsis-toolbox/test/build/build-c/project/main.c.obj
[2/4] Building C object CMakeFiles/project.dir/C_/Sandbox/forked/cmsis-toolbox/test/build/build-c/project/RTE/Device/ARMCM0/startup_ARMCM0.c.obj
[3/4] Building C object CMakeFiles/project.dir/C_/Sandbox/forked/cmsis-toolbox/test/build/build-c/project/RTE/Device/ARMCM0/system_ARMCM0.c.obj
[4/4] Linking C executable C:\Sandbox\forked\cmsis-toolbox\test\build\build-c\out_dir\out\project\ARMCM0\GCC\project.elf
C:/PROGRA~2/ARMGNU~1/13C7F1~1.2RE/bin/../lib/gcc/arm-none-eabi/13.2.1/../../../../arm-none-eabi/bin/ld.exe: warning: C:\Sandbox\forked\cmsis-toolbox\test\build\build-c\out_dir\out\project\ARMCM0\GCC\project.elf has a LOAD segment with RWX permissions
info cbuild: build finished successfully!

Build summary: Build completed successfully - Time Elapsed: 00:00:12</msg>
<arg>StdOut: ${result.stdout}</arg>
<doc>Logs the given messages as separate entries using the INFO level.</doc>
<status status="PASS" start="2024-05-27T16:49:33.081076" elapsed="0.032903"/>
</kw>
<return>
<value>${ret_code}</value>
<status status="PASS" start="2024-05-27T16:49:33.113979" elapsed="0.000845"/>
</return>
<msg time="2024-05-27T16:49:33.115113" level="INFO">${ret_code} = 0</msg>
<var>${ret_code}</var>
<arg>cbuild</arg>
<arg>${input_file}</arg>
<arg>@{args}</arg>
<doc>Run specified executable with arguments</doc>
<status status="PASS" start="2024-05-27T16:49:19.971802" elapsed="13.144022"/>
</kw>
<return>
<value>${ret_code}</value>
<status status="PASS" start="2024-05-27T16:49:33.115824" elapsed="0.000000"/>
</return>
<msg time="2024-05-27T16:49:33.115824" level="INFO">${ret_code} = 0</msg>
<var>${ret_code}</var>
<arg>${input_file}</arg>
<arg>${ex_args}</arg>
<doc>Run cbuild with specified arguments</doc>
<status status="PASS" start="2024-05-27T16:49:19.970802" elapsed="13.145022"/>
</kw>
<kw name="Should Be Equal" owner="BuiltIn">
<arg>${ret_code}</arg>
<arg>${expect}</arg>
<arg>msg=Unexpected status returned by cbuildgen execution</arg>
<doc>Fails if the given objects are unequal.</doc>
<status status="PASS" start="2024-05-27T16:49:33.117142" elapsed="0.000715"/>
</kw>
<arg>${input_file}</arg>
<arg>${expect}</arg>
<arg>${args}</arg>
<doc>Run the csolution project with cbuildgen</doc>
<status status="PASS" start="2024-05-27T16:49:19.966803" elapsed="13.151054"/>
</kw>
<kw name="Run Project With cbuild2cmake" owner="utils">
<kw name="Append Additional Arguments" owner="utils">
<kw name="Combine Lists" owner="Collections">
<msg time="2024-05-27T16:49:33.119857" level="INFO">${args} = ['--cbuild2cmake']</msg>
<var>${args}</var>
<arg>${list}</arg>
<arg>${values}</arg>
<doc>Combines the given ``lists`` together and returns the result.</doc>
<status status="PASS" start="2024-05-27T16:49:33.119857" elapsed="0.000000"/>
</kw>
<return>
<value>${args}</value>
<status status="PASS" start="2024-05-27T16:49:33.119857" elapsed="0.000000"/>
</return>
<msg time="2024-05-27T16:49:33.120860" level="INFO">${ex_args} = ['--cbuild2cmake']</msg>
<var>${ex_args}</var>
<arg>${args}</arg>
<arg>--cbuild2cmake</arg>
<doc>Append values to the list</doc>
<status status="PASS" start="2024-05-27T16:49:33.118858" elapsed="0.002002"/>
</kw>
<kw name="Run cbuild" owner="utils">
<kw name="Append To List" owner="Collections">
<arg>${args}</arg>
<arg>-p</arg>
<arg>-r</arg>
<arg>--update-rte</arg>
<doc>Adds ``values`` to the end of ``list``.</doc>
<status status="PASS" start="2024-05-27T16:49:33.121862" elapsed="0.000000"/>
</kw>
<kw name="Run Program" owner="utils">
<kw name="Run Process" owner="Process">
<msg time="2024-05-27T16:49:33.124815" level="INFO">Starting process:
cbuild C:\Sandbox\forked\cmsis-toolbox\test\build\build-c\solution.csolution.yml --cbuild2cmake -p -r --update-rte</msg>
<msg time="2024-05-27T16:49:33.137786" level="INFO">Waiting for process to complete.</msg>
<msg time="2024-05-27T16:49:44.508199" level="INFO">Process completed.</msg>
<msg time="2024-05-27T16:49:44.508756" level="INFO">${result} = &lt;result object with rc 0&gt;</msg>
<var>${result}</var>
<arg>${exe_path}</arg>
<arg>${input_File}</arg>
<arg>@{args}</arg>
<arg>shell=True</arg>
<arg>stdout=C:\\Sandbox\\forked\\cmsis-toolbox\\test\\resources/stdout.txt</arg>
<doc>Runs a process and waits for it to complete.</doc>
<status status="PASS" start="2024-05-27T16:49:33.122855" elapsed="11.385901"/>
</kw>
<kw name="Set Variable If" owner="BuiltIn">
<msg time="2024-05-27T16:49:44.516996" level="INFO">${ret_code} = 0</msg>
<var>${ret_code}</var>
<arg>${result.rc} == ${0}</arg>
<arg>${result.rc}</arg>
<arg>${1}</arg>
<doc>Sets variable based on the given condition.</doc>
<status status="PASS" start="2024-05-27T16:49:44.508756" elapsed="0.008240"/>
</kw>
<kw name="Log Many" owner="BuiltIn">
<msg time="2024-05-27T16:49:44.541043" level="INFO">StdOut: info cbuild: Build Invocation  (C) 2024 Arm Ltd. and Contributors
C:/Sandbox/forked/cmsis-toolbox/test/build/build-c/solution.cbuild-pack.yml - info csolution: file is already up-to-date
C:/Sandbox/forked/cmsis-toolbox/test/build/build-c/solution.cbuild-idx.yml - info csolution: file generated successfully
C:/Sandbox/forked/cmsis-toolbox/test/build/build-c/project/project.AC6+ARMCM0.cbuild.yml - info csolution: file generated successfully
C:/Sandbox/forked/cmsis-toolbox/test/build/build-c/project/project.CLANG+ARMCM0.cbuild.yml - info csolution: file generated successfully
C:/Sandbox/forked/cmsis-toolbox/test/build/build-c/project/project.GCC+ARMCM0.cbuild.yml - info csolution: file generated successfully
C:/Sandbox/forked/cmsis-toolbox/test/build/build-c/project/project.AC6+ARMCM0.cprj - info csolution: file generated successfully
C:/Sandbox/forked/cmsis-toolbox/test/build/build-c/project/project.CLANG+ARMCM0.cprj - info csolution: file generated successfully
C:/Sandbox/forked/cmsis-toolbox/test/build/build-c/project/project.GCC+ARMCM0.cprj - info csolution: file generated successfully
info cbuild: Processing 3 context(s)
info cbuild: Cleaning context: "project.AC6+ARMCM0"
info cbuild: clean finished successfully!
info cbuild: Cleaning context: "project.CLANG+ARMCM0"
info cbuild: clean finished successfully!
info cbuild: Cleaning context: "project.GCC+ARMCM0"
info cbuild: clean finished successfully!
info cbuild2cmake: Generate CMakeLists 0.9.0 (C) 2024 Arm Ltd. and Contributors
info cbuild2cmake: CMakeLists were successfully generated in the C:/Sandbox/forked/cmsis-toolbox/test/build/build-c/tmp directory
-- Configuring done (0.5s)
-- Generating done (0.1s)
-- Build files have been written to: C:/Sandbox/forked/cmsis-toolbox/test/build/build-c/tmp
[1/27] Creating directories for 'project.AC6+ARMCM0'
[2/27] Creating directories for 'project.CLANG+ARMCM0'
[3/27] Creating directories for 'project.GCC+ARMCM0'
[4/27] No download step for 'project.AC6+ARMCM0'
[5/27] No download step for 'project.CLANG+ARMCM0'
[6/27] No download step for 'project.GCC+ARMCM0'
[7/27] No update step for 'project.AC6+ARMCM0'
[8/27] No update step for 'project.CLANG+ARMCM0'
[9/27] No update step for 'project.GCC+ARMCM0'
[10/27] No patch step for 'project.AC6+ARMCM0'
[11/27] No patch step for 'project.CLANG+ARMCM0'
[12/27] No patch step for 'project.GCC+ARMCM0'
[13/27] Performing configure step for 'project.CLANG+ARMCM0'
-- The C compiler identification is Clang 17.0.1
-- Detecting C compiler ABI info
-- Detecting C compiler ABI info - done
-- Check for working C compiler: C:/tools/LLVMEmbeddedToolchainForArm/bin/clang.exe - skipped
-- Detecting C compile features
-- Detecting C compile features - done
-- Configuring done (2.9s)
-- Generating done (0.2s)
-- Build files have been written to: C:/Sandbox/forked/cmsis-toolbox/test/build/build-c/tmp/2
[14/27] Performing configure step for 'project.GCC+ARMCM0'
-- The C compiler identification is GNU 13.2.1
-- Detecting C compiler ABI info
-- Detecting C compiler ABI info - done
-- Check for working C compiler: C:/Program Files (x86)/Arm GNU Toolchain arm-none-eabi/13.2 Rel1/bin/arm-none-eabi-gcc.exe - skipped
-- Detecting C compile features
-- Detecting C compile features - done
-- Configuring done (3.3s)
-- Generating done (0.1s)
-- Build files have been written to: C:/Sandbox/forked/cmsis-toolbox/test/build/build-c/tmp/3
[15/27] Performing build step for 'project.CLANG+ARMCM0'
[1/4] Building C object CMakeFiles/ARM_Device_Startup_C_Startup_2_2_0.dir/C_/Sandbox/forked/cmsis-toolbox/test/build/build-c/project/RTE/Device/ARMCM0/startup_ARMCM0.c.obj
[2/4] Building C object CMakeFiles/Group_Source.dir/C_/Sandbox/forked/cmsis-toolbox/test/build/build-c/project/main.c.obj
[3/4] Building C object CMakeFiles/ARM_Device_Startup_C_Startup_2_2_0.dir/C_/Sandbox/forked/cmsis-toolbox/test/build/build-c/project/RTE/Device/ARMCM0/system_ARMCM0.c.obj
[4/4] Linking C executable C:\Sandbox\forked\cmsis-toolbox\test\build\build-c\out\project\ARMCM0\CLANG\project.elf
[16/27] No install step for 'project.CLANG+ARMCM0'
[17/27] Performing build step for 'project.GCC+ARMCM0'
[1/4] Building C object CMakeFiles/Group_Source.dir/C_/Sandbox/forked/cmsis-toolbox/test/build/build-c/project/main.c.obj
[2/4] Building C object CMakeFiles/ARM_Device_Startup_C_Startup_2_2_0.dir/C_/Sandbox/forked/cmsis-toolbox/test/build/build-c/project/RTE/Device/ARMCM0/startup_ARMCM0.c.obj
[3/4] Building C object CMakeFiles/ARM_Device_Startup_C_Startup_2_2_0.dir/C_/Sandbox/forked/cmsis-toolbox/test/build/build-c/project/RTE/Device/ARMCM0/system_ARMCM0.c.obj
[4/4] Linking C executable C:\Sandbox\forked\cmsis-toolbox\test\build\build-c\out\project\ARMCM0\GCC\project.elf
C:/PROGRA~2/ARMGNU~1/13C7F1~1.2RE/bin/../lib/gcc/arm-none-eabi/13.2.1/../../../../arm-none-eabi/bin/ld.exe: warning: C:\Sandbox\forked\cmsis-toolbox\test\build\build-c\out\project\ARMCM0\GCC\project.elf has a LOAD segment with RWX permissions
[18/27] No test step for 'project.CLANG+ARMCM0'
[19/27] No install step for 'project.GCC+ARMCM0'
[20/27] No test step for 'project.GCC+ARMCM0'
[21/27] Completed 'project.CLANG+ARMCM0'
[22/27] Completed 'project.GCC+ARMCM0'
[23/27] Performing configure step for 'project.AC6+ARMCM0'
-- The C compiler identification is ARMClang 6.22.0
-- Detecting C compiler ABI info
-- Detecting C compiler ABI info - done
-- Check for working C compiler: C:/tools/ArmCompilerforEmbedded6.22/bin/armclang.exe - skipped
-- Detecting C compile features
-- Detecting C compile features - done
-- Configuring done (6.9s)
-- Generating done (0.0s)
-- Build files have been written to: C:/Sandbox/forked/cmsis-toolbox/test/build/build-c/tmp/1
[24/27] Performing build step for 'project.AC6+ARMCM0'
[1/4] Building C object CMakeFiles/Group_Source.dir/C_/Sandbox/forked/cmsis-toolbox/test/build/build-c/project/main.o
[2/4] Building C object CMakeFiles/ARM_Device_Startup_C_Startup_2_2_0.dir/C_/Sandbox/forked/cmsis-toolbox/test/build/build-c/project/RTE/Device/ARMCM0/system_ARMCM0.o
[3/4] Building C object CMakeFiles/ARM_Device_Startup_C_Startup_2_2_0.dir/C_/Sandbox/forked/cmsis-toolbox/test/build/build-c/project/RTE/Device/ARMCM0/startup_ARMCM0.o
[4/4] Linking C executable C:\Sandbox\forked\cmsis-toolbox\test\build\build-c\out\project\ARMCM0\AC6\project.axf
Program Size: Code=240 RO-data=208 RW-data=4 ZI-data=3584  
[25/27] No install step for 'project.AC6+ARMCM0'
[26/27] No test step for 'project.AC6+ARMCM0'
[27/27] Completed 'project.AC6+ARMCM0'
info cbuild: build finished successfully!

Build summary: Build completed successfully - Time Elapsed: 00:00:10</msg>
<arg>StdOut: ${result.stdout}</arg>
<doc>Logs the given messages as separate entries using the INFO level.</doc>
<status status="PASS" start="2024-05-27T16:49:44.518150" elapsed="0.022893"/>
</kw>
<return>
<value>${ret_code}</value>
<status status="PASS" start="2024-05-27T16:49:44.541043" elapsed="0.000000"/>
</return>
<msg time="2024-05-27T16:49:44.542043" level="INFO">${ret_code} = 0</msg>
<var>${ret_code}</var>
<arg>cbuild</arg>
<arg>${input_file}</arg>
<arg>@{args}</arg>
<doc>Run specified executable with arguments</doc>
<status status="PASS" start="2024-05-27T16:49:33.122855" elapsed="11.419188"/>
</kw>
<return>
<value>${ret_code}</value>
<status status="PASS" start="2024-05-27T16:49:44.542043" elapsed="0.000000"/>
</return>
<msg time="2024-05-27T16:49:44.542043" level="INFO">${ret_code} = 0</msg>
<var>${ret_code}</var>
<arg>${input_file}</arg>
<arg>${ex_args}</arg>
<doc>Run cbuild with specified arguments</doc>
<status status="PASS" start="2024-05-27T16:49:33.120860" elapsed="11.421183"/>
</kw>
<kw name="Should Be Equal" owner="BuiltIn">
<arg>${ret_code}</arg>
<arg>${expect}</arg>
<arg>msg=Unexpected status returned by cbuild2cmake execution</arg>
<doc>Fails if the given objects are unequal.</doc>
<status status="PASS" start="2024-05-27T16:49:44.542043" elapsed="0.001000"/>
</kw>
<arg>${input_file}</arg>
<arg>${expect}</arg>
<arg>${args}</arg>
<doc>Run the csolution project with cbuild2cmake</doc>
<status status="PASS" start="2024-05-27T16:49:33.117857" elapsed="11.425675"/>
</kw>
<kw name="Get Parent Directory Path" owner="utils">
<msg time="2024-05-27T16:49:44.544044" level="INFO">${parent_path} = C:\Sandbox\forked\cmsis-toolbox\test\build\build-c</msg>
<var>${parent_path}</var>
<arg>${input_file}</arg>
<status status="PASS" start="2024-05-27T16:49:44.544044" elapsed="0.000000"/>
</kw>
<kw name="Run Keyword And Return" owner="BuiltIn">
<kw name="Compare Elf Information" owner="elf_compare">
<msg time="2024-05-27T16:49:44.546066" level="INFO">Running Command: c b u i l d   l i s t   c o n t e x t s   C : \ S a n d b o x \ f o r k e d \ c m s i s - t o o l b o x \ t e s t \ b u i l d \ b u i l d - c \ s o l u t i o n . c s o l u t i o n . y m l</msg>
<msg time="2024-05-27T16:49:45.366831" level="INFO">Processing context: project.AC6+ARMCM0</msg>
<msg time="2024-05-27T16:49:45.366831" level="INFO">basePath: C:\Sandbox\forked\cmsis-toolbox\test\build\build-c\out_dir\out</msg>
<msg time="2024-05-27T16:49:45.366831" level="INFO">Path: project/ARMCM0/AC6/project.axf</msg>
<msg time="2024-05-27T16:49:45.366831" level="INFO">Running Command: f r o m e l f   C : \ S a n d b o x \ f o r k e d \ c m s i s - t o o l b o x \ t e s t \ b u i l d \ b u i l d - c \ o u t _ d i r \ o u t \ p r o j e c t / A R M C M 0 / A C 6 / p r o j e c t . a x f   - z</msg>
<msg time="2024-05-27T16:49:45.426398" level="INFO">Running Command: f r o m e l f   C : \ S a n d b o x \ f o r k e d \ c m s i s - t o o l b o x \ t e s t \ b u i l d \ b u i l d - c \ o u t \ p r o j e c t / A R M C M 0 / A C 6 / p r o j e c t . a x f   - z</msg>
<msg time="2024-05-27T16:49:45.485352" level="INFO">Object Info 
========================================================================

** Object/Image Component Sizes

      Code (inc. data)   RO Data    RW Data    ZI Data      Debug   Object Name

       240         26        208          4       3584        492   C:\Sandbox\forked\cmsis-toolbox\test\build\build-c\out_dir\out\project/ARMCM0/AC6/project.axf
       240         26        208          4          0          0   ROM Totals for C:\Sandbox\forked\cmsis-toolbox\test\build\build-c\out_dir\out\project/ARMCM0/AC6/project.axf
</msg>
<msg time="2024-05-27T16:49:45.485352" level="INFO">Object Info 
========================================================================

** Object/Image Component Sizes

      Code (inc. data)   RO Data    RW Data    ZI Data      Debug   Object Name

       240         26        208          4       3584        492   C:\Sandbox\forked\cmsis-toolbox\test\build\build-c\out\project/ARMCM0/AC6/project.axf
       240         26        208          4          0          0   ROM Totals for C:\Sandbox\forked\cmsis-toolbox\test\build\build-c\out\project/ARMCM0/AC6/project.axf
</msg>
<msg time="2024-05-27T16:49:45.485352" level="INFO">Processing context: project.CLANG+ARMCM0</msg>
<msg time="2024-05-27T16:49:45.485352" level="INFO">basePath: C:\Sandbox\forked\cmsis-toolbox\test\build\build-c\out_dir\out</msg>
<msg time="2024-05-27T16:49:45.486521" level="INFO">Path: project/ARMCM0/CLANG/project.elf</msg>
<msg time="2024-05-27T16:49:45.486521" level="INFO">Running Command: f r o m e l f   C : \ S a n d b o x \ f o r k e d \ c m s i s - t o o l b o x \ t e s t \ b u i l d \ b u i l d - c \ o u t _ d i r \ o u t \ p r o j e c t / A R M C M 0 / C L A N G / p r o j e c t . e l f   - z</msg>
<msg time="2024-05-27T16:49:45.556054" level="INFO">Running Command: f r o m e l f   C : \ S a n d b o x \ f o r k e d \ c m s i s - t o o l b o x \ t e s t \ b u i l d \ b u i l d - c \ o u t \ p r o j e c t / A R M C M 0 / C L A N G / p r o j e c t . e l f   - z</msg>
<msg time="2024-05-27T16:49:45.633856" level="INFO">Object Info 
========================================================================

** Object/Image Component Sizes

      Code (inc. data)   RO Data    RW Data    ZI Data      Debug   Object Name

      9736        352        336         24       4872      48965   C:\Sandbox\forked\cmsis-toolbox\test\build\build-c\out_dir\out\project/ARMCM0/CLANG/project.elf
      9736        352        336         24          0          0   ROM Totals for C:\Sandbox\forked\cmsis-toolbox\test\build\build-c\out_dir\out\project/ARMCM0/CLANG/project.elf
</msg>
<msg time="2024-05-27T16:49:45.633856" level="INFO">Object Info 
========================================================================

** Object/Image Component Sizes

      Code (inc. data)   RO Data    RW Data    ZI Data      Debug   Object Name

      9736        352        336         24       4872      48965   C:\Sandbox\forked\cmsis-toolbox\test\build\build-c\out\project/ARMCM0/CLANG/project.elf
      9736        352        336         24          0          0   ROM Totals for C:\Sandbox\forked\cmsis-toolbox\test\build\build-c\out\project/ARMCM0/CLANG/project.elf
</msg>
<msg time="2024-05-27T16:49:45.633856" level="INFO">Processing context: project.GCC+ARMCM0</msg>
<msg time="2024-05-27T16:49:45.633856" level="INFO">basePath: C:\Sandbox\forked\cmsis-toolbox\test\build\build-c\out_dir\out</msg>
<msg time="2024-05-27T16:49:45.633856" level="INFO">Path: project/ARMCM0/GCC/project.elf</msg>
<msg time="2024-05-27T16:49:45.634855" level="INFO">Running Command: f r o m e l f   C : \ S a n d b o x \ f o r k e d \ c m s i s - t o o l b o x \ t e s t \ b u i l d \ b u i l d - c \ o u t _ d i r \ o u t \ p r o j e c t / A R M C M 0 / G C C / p r o j e c t . e l f   - z</msg>
<msg time="2024-05-27T16:49:45.706933" level="INFO">Running Command: f r o m e l f   C : \ S a n d b o x \ f o r k e d \ c m s i s - t o o l b o x \ t e s t \ b u i l d \ b u i l d - c \ o u t \ p r o j e c t / A R M C M 0 / G C C / p r o j e c t . e l f   - z</msg>
<msg time="2024-05-27T16:49:45.769962" level="INFO">Object Info 
========================================================================

** Object/Image Component Sizes

      Code (inc. data)   RO Data    RW Data    ZI Data      Debug   Object Name

      3560        556          8        408       4628       2785   C:\Sandbox\forked\cmsis-toolbox\test\build\build-c\out_dir\out\project/ARMCM0/GCC/project.elf
      3560        556          8        408          0          0   ROM Totals for C:\Sandbox\forked\cmsis-toolbox\test\build\build-c\out_dir\out\project/ARMCM0/GCC/project.elf
</msg>
<msg time="2024-05-27T16:49:45.770963" level="INFO">Object Info 
========================================================================

** Object/Image Component Sizes

      Code (inc. data)   RO Data    RW Data    ZI Data      Debug   Object Name

      3560        556          8        408       4628       2785   C:\Sandbox\forked\cmsis-toolbox\test\build\build-c\out\project/ARMCM0/GCC/project.elf
      3560        556          8        408          0          0   ROM Totals for C:\Sandbox\forked\cmsis-toolbox\test\build\build-c\out\project/ARMCM0/GCC/project.elf
</msg>
<arg>${input_file}</arg>
<arg>${parent_path}${/}${Out_Dir}${/}${Default_Out_Dir}</arg>
<arg>${parent_path}${/}${Default_Out_Dir}</arg>
<status status="PASS" start="2024-05-27T16:49:44.545044" elapsed="1.225919"/>
</kw>
<msg time="2024-05-27T16:49:45.770963" level="INFO">Returning from the enclosing user keyword.</msg>
<var>${result}</var>
<arg>Compare Elf Information</arg>
<arg>${input_file}</arg>
<arg>${parent_path}${/}${Out_Dir}${/}${Default_Out_Dir}</arg>
<arg>${parent_path}${/}${Default_Out_Dir}</arg>
<doc>Runs the specified keyword and returns from the enclosing user keyword.</doc>
<status status="PASS" start="2024-05-27T16:49:44.545044" elapsed="1.225919"/>
</kw>
<kw name="Should Be True" owner="BuiltIn">
<arg>${result}</arg>
<doc>Fails if the given condition is not true.</doc>
<status status="NOT RUN" start="2024-05-27T16:49:45.770963" elapsed="0.000000"/>
</kw>
<arg>${TEST_DATA_DIR}${/}${build-c}${/}solution.csolution.yml</arg>
<arg>${Pass}</arg>
<status status="PASS" start="2024-05-27T16:49:19.963802" elapsed="25.807161"/>
</kw>
<status status="PASS" start="2024-05-27T16:49:19.962949" elapsed="25.809013"/>
</test>
<test id="s1-t3" name="Validate build-cpp Example" line="36">
<kw name="Run Csolution Project">
<kw name="Run Project with cbuildgen" owner="utils">
<kw name="Get Parent Directory Path" owner="utils">
<msg time="2024-05-27T16:49:45.774962" level="INFO">${parent_path} = C:\Sandbox\forked\cmsis-toolbox\test\build\build-cpp</msg>
<var>${parent_path}</var>
<arg>${input_file}</arg>
<status status="PASS" start="2024-05-27T16:49:45.774962" elapsed="0.000000"/>
</kw>
<kw name="Append Additional Arguments" owner="utils">
<kw name="Combine Lists" owner="Collections">
<msg time="2024-05-27T16:49:45.776670" level="INFO">${args} = ['--output', 'C:\\Sandbox\\forked\\cmsis-toolbox\\test\\build\\build-cpp\\out_dir']</msg>
<var>${args}</var>
<arg>${list}</arg>
<arg>${values}</arg>
<doc>Combines the given ``lists`` together and returns the result.</doc>
<status status="PASS" start="2024-05-27T16:49:45.775962" elapsed="0.000708"/>
</kw>
<return>
<value>${args}</value>
<status status="PASS" start="2024-05-27T16:49:45.777682" elapsed="0.000000"/>
</return>
<msg time="2024-05-27T16:49:45.777940" level="INFO">${ex_args} = ['--output', 'C:\\Sandbox\\forked\\cmsis-toolbox\\test\\build\\build-cpp\\out_dir']</msg>
<var>${ex_args}</var>
<arg>${args}</arg>
<arg>--output</arg>
<arg>${parent_path}${/}${Out_Dir}</arg>
<doc>Append values to the list</doc>
<status status="PASS" start="2024-05-27T16:49:45.774962" elapsed="0.002978"/>
</kw>
<kw name="Run cbuild" owner="utils">
<kw name="Append To List" owner="Collections">
<arg>${args}</arg>
<arg>-p</arg>
<arg>-r</arg>
<arg>--update-rte</arg>
<doc>Adds ``values`` to the end of ``list``.</doc>
<status status="PASS" start="2024-05-27T16:49:45.778680" elapsed="0.001000"/>
</kw>
<kw name="Run Program" owner="utils">
<kw name="Run Process" owner="Process">
<msg time="2024-05-27T16:49:45.781722" level="INFO">Starting process:
cbuild C:\Sandbox\forked\cmsis-toolbox\test\build\build-cpp\solution.csolution.yml --output C:\Sandbox\forked\cmsis-toolbox\test\build\build-cpp\out_dir -p -r --update-rte</msg>
<msg time="2024-05-27T16:49:45.790685" level="INFO">Waiting for process to complete.</msg>
<msg time="2024-05-27T16:50:09.589840" level="INFO">Process completed.</msg>
<msg time="2024-05-27T16:50:09.590983" level="INFO">${result} = &lt;result object with rc 0&gt;</msg>
<var>${result}</var>
<arg>${exe_path}</arg>
<arg>${input_File}</arg>
<arg>@{args}</arg>
<arg>shell=True</arg>
<arg>stdout=C:\\Sandbox\\forked\\cmsis-toolbox\\test\\resources/stdout.txt</arg>
<doc>Runs a process and waits for it to complete.</doc>
<status status="PASS" start="2024-05-27T16:49:45.779680" elapsed="23.811303"/>
</kw>
<kw name="Set Variable If" owner="BuiltIn">
<msg time="2024-05-27T16:50:09.594906" level="INFO">${ret_code} = 0</msg>
<var>${ret_code}</var>
<arg>${result.rc} == ${0}</arg>
<arg>${result.rc}</arg>
<arg>${1}</arg>
<doc>Sets variable based on the given condition.</doc>
<status status="PASS" start="2024-05-27T16:50:09.591841" elapsed="0.003065"/>
</kw>
<kw name="Log Many" owner="BuiltIn">
<msg time="2024-05-27T16:50:09.616765" level="INFO">StdOut: info cbuild: Build Invocation  (C) 2024 Arm Ltd. and Contributors
C:/Sandbox/forked/cmsis-toolbox/test/build/build-cpp/solution.cbuild-pack.yml - info csolution: file generated successfully
C:/Sandbox/forked/cmsis-toolbox/test/build/build-cpp/out_dir/solution.cbuild-idx.yml - info csolution: file generated successfully
C:/Sandbox/forked/cmsis-toolbox/test/build/build-cpp/out_dir/project.AC6+ARMCM55.cbuild.yml - info csolution: file generated successfully
C:/Sandbox/forked/cmsis-toolbox/test/build/build-cpp/out_dir/project.CLANG+ARMCM55.cbuild.yml - info csolution: file generated successfully
C:/Sandbox/forked/cmsis-toolbox/test/build/build-cpp/out_dir/project.GCC+ARMCM55.cbuild.yml - info csolution: file generated successfully
C:/Sandbox/forked/cmsis-toolbox/test/build/build-cpp/out_dir/project.AC6+ARMCM55.cprj - info csolution: file generated successfully
C:/Sandbox/forked/cmsis-toolbox/test/build/build-cpp/out_dir/project.CLANG+ARMCM55.cprj - info csolution: file generated successfully
C:/Sandbox/forked/cmsis-toolbox/test/build/build-cpp/out_dir/project.GCC+ARMCM55.cprj - info csolution: file generated successfully
info cbuild: Processing 3 context(s)
info cbuild: Retrieve build information for context: "project.AC6+ARMCM55"
info cbuild: Retrieve build information for context: "project.CLANG+ARMCM55"
info cbuild: Retrieve build information for context: "project.GCC+ARMCM55"
info cbuild: Cleaning context: "project.AC6+ARMCM55"
info cbuild: clean finished successfully!
info cbuild: Cleaning context: "project.CLANG+ARMCM55"
info cbuild: clean finished successfully!
info cbuild: Cleaning context: "project.GCC+ARMCM55"
info cbuild: clean finished successfully!
==========================================================
(1/3) Building context: "project.AC6+ARMCM55"

M650: Command completed successfully.

M652: Generated file for project build: 'C:/Sandbox/forked/cmsis-toolbox/test/build/build-cpp/out_dir/tmp/project/ARMCM55/AC6/CMakeLists.txt'
-- The C compiler identification is ARMClang 6.22.0
-- The CXX compiler identification is ARMClang 6.22.0
-- Detecting C compiler ABI info
-- Detecting C compiler ABI info - done
-- Check for working C compiler: C:/tools/ArmCompilerforEmbedded6.22/bin/armclang.exe - skipped
-- Detecting C compile features
-- Detecting C compile features - done
-- Detecting CXX compiler ABI info
-- Detecting CXX compiler ABI info - done
-- Check for working CXX compiler: C:/tools/ArmCompilerforEmbedded6.22/bin/armclang.exe - skipped
-- Detecting CXX compile features
-- Detecting CXX compile features - done
*** Using Compiler 'V6.22.0', folder: C:/tools/ArmCompilerforEmbedded6.22/bin
-- Configuring done (9.2s)
-- Generating done (0.0s)
-- Build files have been written to: C:/Sandbox/forked/cmsis-toolbox/test/build/build-cpp/out_dir/tmp/project/ARMCM55/AC6
[1/4] Building C object CMakeFiles/project.dir/C_/Sandbox/forked/cmsis-toolbox/test/build/build-cpp/project/RTE/Device/ARMCM55/system_ARMCM55.o
[2/4] Building C object CMakeFiles/project.dir/C_/Sandbox/forked/cmsis-toolbox/test/build/build-cpp/project/RTE/Device/ARMCM55/startup_ARMCM55.o
[3/4] Building CXX object CMakeFiles/project.dir/C_/Sandbox/forked/cmsis-toolbox/test/build/build-cpp/project/main.o
[4/4] Linking CXX executable C:\Sandbox\forked\cmsis-toolbox\test\build\build-cpp\out_dir\out\project\ARMCM55\AC6\project.axf
Program Size: Code=416 RO-data=2000 RW-data=4 ZI-data=3584  
info cbuild: build finished successfully!
============================================================
(2/3) Building context: "project.CLANG+ARMCM55"

M650: Command completed successfully.

M652: Generated file for project build: 'C:/Sandbox/forked/cmsis-toolbox/test/build/build-cpp/out_dir/tmp/project/ARMCM55/CLANG/CMakeLists.txt'
-- The C compiler identification is Clang 17.0.1
-- The CXX compiler identification is Clang 17.0.1
-- Detecting C compiler ABI info
-- Detecting C compiler ABI info - done
-- Check for working C compiler: C:/tools/LLVMEmbeddedToolchainForArm/bin/clang.exe - skipped
-- Detecting C compile features
-- Detecting C compile features - done
-- Detecting CXX compiler ABI info
-- Detecting CXX compiler ABI info - done
-- Check for working CXX compiler: C:/tools/LLVMEmbeddedToolchainForArm/bin/clang++.exe - skipped
-- Detecting CXX compile features
-- Detecting CXX compile features - done
*** Using Compiler 'V17.0.1', folder: C:/tools/LLVMEmbeddedToolchainForArm/bin
-- Configuring done (3.7s)
-- Generating done (0.0s)
-- Build files have been written to: C:/Sandbox/forked/cmsis-toolbox/test/build/build-cpp/out_dir/tmp/project/ARMCM55/CLANG
[1/4] Building C object CMakeFiles/project.dir/C_/Sandbox/forked/cmsis-toolbox/test/build/build-cpp/project/RTE/Device/ARMCM55/system_ARMCM55.c.obj
[2/4] Building C object CMakeFiles/project.dir/C_/Sandbox/forked/cmsis-toolbox/test/build/build-cpp/project/RTE/Device/ARMCM55/startup_ARMCM55.c.obj
[3/4] Building CXX object CMakeFiles/project.dir/C_/Sandbox/forked/cmsis-toolbox/test/build/build-cpp/project/main.cpp.obj
[4/4] Linking CXX executable C:\Sandbox\forked\cmsis-toolbox\test\build\build-cpp\out_dir\out\project\ARMCM55\CLANG\project.elf
info cbuild: build finished successfully!
==========================================================
(3/3) Building context: "project.GCC+ARMCM55"

M650: Command completed successfully.

M652: Generated file for project build: 'C:/Sandbox/forked/cmsis-toolbox/test/build/build-cpp/out_dir/tmp/project/ARMCM55/GCC/CMakeLists.txt'
-- The C compiler identification is GNU 13.2.1
-- The CXX compiler identification is GNU 13.2.1
-- Detecting C compiler ABI info
-- Detecting C compiler ABI info - done
-- Check for working C compiler: C:/Program Files (x86)/Arm GNU Toolchain arm-none-eabi/13.2 Rel1/bin/arm-none-eabi-gcc.exe - skipped
-- Detecting C compile features
-- Detecting C compile features - done
-- Detecting CXX compiler ABI info
-- Detecting CXX compiler ABI info - done
-- Check for working CXX compiler: C:/Program Files (x86)/Arm GNU Toolchain arm-none-eabi/13.2 Rel1/bin/arm-none-eabi-g++.exe - skipped
-- Detecting CXX compile features
-- Detecting CXX compile features - done
*** Using Compiler 'V13.2.1', folder: C:/Program Files (x86)/Arm GNU Toolchain arm-none-eabi/13.2 Rel1/bin
-- Registered toolchain version 10.3.1 does not match running version 13.2.1
-- Configuring done (4.3s)
-- Generating done (0.0s)
-- Build files have been written to: C:/Sandbox/forked/cmsis-toolbox/test/build/build-cpp/out_dir/tmp/project/ARMCM55/GCC
[1/4] Building C object CMakeFiles/project.dir/C_/Sandbox/forked/cmsis-toolbox/test/build/build-cpp/project/RTE/Device/ARMCM55/system_ARMCM55.c.obj
[2/4] Building C object CMakeFiles/project.dir/C_/Sandbox/forked/cmsis-toolbox/test/build/build-cpp/project/RTE/Device/ARMCM55/startup_ARMCM55.c.obj
[3/4] Building CXX object CMakeFiles/project.dir/C_/Sandbox/forked/cmsis-toolbox/test/build/build-cpp/project/main.cpp.obj
[4/4] Linking CXX executable C:\Sandbox\forked\cmsis-toolbox\test\build\build-cpp\out_dir\out\project\ARMCM55\GCC\project.elf
C:/PROGRA~2/ARMGNU~1/13C7F1~1.2RE/bin/../lib/gcc/arm-none-eabi/13.2.1/../../../../arm-none-eabi/bin/ld.exe: warning: C:\Sandbox\forked\cmsis-toolbox\test\build\build-cpp\out_dir\out\project\ARMCM55\GCC\project.elf has a LOAD segment with RWX permissions
info cbuild: build finished successfully!

Build summary: Build completed successfully - Time Elapsed: 00:00:22</msg>
<arg>StdOut: ${result.stdout}</arg>
<doc>Logs the given messages as separate entries using the INFO level.</doc>
<status status="PASS" start="2024-05-27T16:50:09.595839" elapsed="0.020926"/>
</kw>
<return>
<value>${ret_code}</value>
<status status="PASS" start="2024-05-27T16:50:09.616765" elapsed="0.000000"/>
</return>
<msg time="2024-05-27T16:50:09.616765" level="INFO">${ret_code} = 0</msg>
<var>${ret_code}</var>
<arg>cbuild</arg>
<arg>${input_file}</arg>
<arg>@{args}</arg>
<doc>Run specified executable with arguments</doc>
<status status="PASS" start="2024-05-27T16:49:45.779680" elapsed="23.838087"/>
</kw>
<return>
<value>${ret_code}</value>
<status status="PASS" start="2024-05-27T16:50:09.617767" elapsed="0.000000"/>
</return>
<msg time="2024-05-27T16:50:09.617767" level="INFO">${ret_code} = 0</msg>
<var>${ret_code}</var>
<arg>${input_file}</arg>
<arg>${ex_args}</arg>
<doc>Run cbuild with specified arguments</doc>
<status status="PASS" start="2024-05-27T16:49:45.778680" elapsed="23.839087"/>
</kw>
<kw name="Should Be Equal" owner="BuiltIn">
<arg>${ret_code}</arg>
<arg>${expect}</arg>
<arg>msg=Unexpected status returned by cbuildgen execution</arg>
<doc>Fails if the given objects are unequal.</doc>
[...]
      7184        234       2336        168          0          0   ROM Totals for C:\Sandbox\forked\cmsis-toolbox\test\build\trustzone\out_dir\out\nonsecure/CM33/Debug/nonsecure.axf
</msg>
<msg time="2024-05-27T16:54:02.976796" level="INFO">Object Info 
========================================================================

** Object/Image Component Sizes

      Code (inc. data)   RO Data    RW Data    ZI Data      Debug   Object Name

      7184        234       2336        168      37740     138501   C:\Sandbox\forked\cmsis-toolbox\test\build\trustzone\out\nonsecure/CM33/Debug/nonsecure.axf
         0          0          4          0          0          0   (incl. padding)
      7184        234       2336        168          0          0   ROM Totals for C:\Sandbox\forked\cmsis-toolbox\test\build\trustzone\out\nonsecure/CM33/Debug/nonsecure.axf
</msg>
<msg time="2024-05-27T16:54:02.976796" level="INFO">Processing context: nonsecure.Debug+CM35P</msg>
<msg time="2024-05-27T16:54:02.976796" level="INFO">basePath: C:\Sandbox\forked\cmsis-toolbox\test\build\trustzone\out_dir\out</msg>
<msg time="2024-05-27T16:54:02.976796" level="INFO">Path: nonsecure/CM35P/Debug/nonsecure.axf</msg>
<msg time="2024-05-27T16:54:02.976796" level="INFO">Running Command: f r o m e l f   C : \ S a n d b o x \ f o r k e d \ c m s i s - t o o l b o x \ t e s t \ b u i l d \ t r u s t z o n e \ o u t _ d i r \ o u t \ n o n s e c u r e / C M 3 5 P / D e b u g / n o n s e c u r e . a x f   - z</msg>
<msg time="2024-05-27T16:54:03.056111" level="INFO">Running Command: f r o m e l f   C : \ S a n d b o x \ f o r k e d \ c m s i s - t o o l b o x \ t e s t \ b u i l d \ t r u s t z o n e \ o u t \ n o n s e c u r e / C M 3 5 P / D e b u g / n o n s e c u r e . a x f   - z</msg>
<msg time="2024-05-27T16:54:03.129223" level="INFO">Object Info 
========================================================================

** Object/Image Component Sizes

      Code (inc. data)   RO Data    RW Data    ZI Data      Debug   Object Name

      7184        234       2336        168      37740     138653   C:\Sandbox\forked\cmsis-toolbox\test\build\trustzone\out_dir\out\nonsecure/CM35P/Debug/nonsecure.axf
         0          0          4          0          0          0   (incl. padding)
      7184        234       2336        168          0          0   ROM Totals for C:\Sandbox\forked\cmsis-toolbox\test\build\trustzone\out_dir\out\nonsecure/CM35P/Debug/nonsecure.axf
</msg>
<msg time="2024-05-27T16:54:03.130310" level="INFO">Object Info 
========================================================================

** Object/Image Component Sizes

      Code (inc. data)   RO Data    RW Data    ZI Data      Debug   Object Name

      7184        234       2336        168      37740     138513   C:\Sandbox\forked\cmsis-toolbox\test\build\trustzone\out\nonsecure/CM35P/Debug/nonsecure.axf
         0          0          4          0          0          0   (incl. padding)
      7184        234       2336        168          0          0   ROM Totals for C:\Sandbox\forked\cmsis-toolbox\test\build\trustzone\out\nonsecure/CM35P/Debug/nonsecure.axf
</msg>
<msg time="2024-05-27T16:54:03.130310" level="INFO">Processing context: nonsecure.Release+CM33</msg>
<msg time="2024-05-27T16:54:03.130310" level="INFO">basePath: C:\Sandbox\forked\cmsis-toolbox\test\build\trustzone\out_dir\out</msg>
<msg time="2024-05-27T16:54:03.130310" level="INFO">Path: nonsecure/CM33/Release/nonsecure.axf</msg>
<msg time="2024-05-27T16:54:03.130310" level="INFO">Running Command: f r o m e l f   C : \ S a n d b o x \ f o r k e d \ c m s i s - t o o l b o x \ t e s t \ b u i l d \ t r u s t z o n e \ o u t _ d i r \ o u t \ n o n s e c u r e / C M 3 3 / R e l e a s e / n o n s e c u r e . a x f   - z</msg>
<msg time="2024-05-27T16:54:03.212914" level="INFO">Running Command: f r o m e l f   C : \ S a n d b o x \ f o r k e d \ c m s i s - t o o l b o x \ t e s t \ b u i l d \ t r u s t z o n e \ o u t \ n o n s e c u r e / C M 3 3 / R e l e a s e / n o n s e c u r e . a x f   - z</msg>
<msg time="2024-05-27T16:54:03.313953" level="INFO">Object Info 
========================================================================

** Object/Image Component Sizes

      Code (inc. data)   RO Data    RW Data    ZI Data      Debug   Object Name

      7204        234       2332        168      37740     122528   C:\Sandbox\forked\cmsis-toolbox\test\build\trustzone\out_dir\out\nonsecure/CM33/Release/nonsecure.axf
      7204        234       2332        168          0          0   ROM Totals for C:\Sandbox\forked\cmsis-toolbox\test\build\trustzone\out_dir\out\nonsecure/CM33/Release/nonsecure.axf
</msg>
<msg time="2024-05-27T16:54:03.314967" level="INFO">Object Info 
========================================================================

** Object/Image Component Sizes

      Code (inc. data)   RO Data    RW Data    ZI Data      Debug   Object Name

      7204        234       2332        168      37740     122528   C:\Sandbox\forked\cmsis-toolbox\test\build\trustzone\out\nonsecure/CM33/Release/nonsecure.axf
      7204        234       2332        168          0          0   ROM Totals for C:\Sandbox\forked\cmsis-toolbox\test\build\trustzone\out\nonsecure/CM33/Release/nonsecure.axf
</msg>
<msg time="2024-05-27T16:54:03.314967" level="INFO">Processing context: nonsecure.Release+CM35P</msg>
<msg time="2024-05-27T16:54:03.314967" level="INFO">basePath: C:\Sandbox\forked\cmsis-toolbox\test\build\trustzone\out_dir\out</msg>
<msg time="2024-05-27T16:54:03.314967" level="INFO">Path: nonsecure/CM35P/Release/nonsecure.axf</msg>
<msg time="2024-05-27T16:54:03.314967" level="INFO">Running Command: f r o m e l f   C : \ S a n d b o x \ f o r k e d \ c m s i s - t o o l b o x \ t e s t \ b u i l d \ t r u s t z o n e \ o u t _ d i r \ o u t \ n o n s e c u r e / C M 3 5 P / R e l e a s e / n o n s e c u r e . a x f   - z</msg>
<msg time="2024-05-27T16:54:03.392056" level="INFO">Running Command: f r o m e l f   C : \ S a n d b o x \ f o r k e d \ c m s i s - t o o l b o x \ t e s t \ b u i l d \ t r u s t z o n e \ o u t \ n o n s e c u r e / C M 3 5 P / R e l e a s e / n o n s e c u r e . a x f   - z</msg>
<msg time="2024-05-27T16:54:03.469484" level="INFO">Object Info 
========================================================================

** Object/Image Component Sizes

      Code (inc. data)   RO Data    RW Data    ZI Data      Debug   Object Name

      7204        234       2332        168      37740     122528   C:\Sandbox\forked\cmsis-toolbox\test\build\trustzone\out_dir\out\nonsecure/CM35P/Release/nonsecure.axf
      7204        234       2332        168          0          0   ROM Totals for C:\Sandbox\forked\cmsis-toolbox\test\build\trustzone\out_dir\out\nonsecure/CM35P/Release/nonsecure.axf
</msg>
<msg time="2024-05-27T16:54:03.469484" level="INFO">Object Info 
========================================================================

** Object/Image Component Sizes

      Code (inc. data)   RO Data    RW Data    ZI Data      Debug   Object Name

      7204        234       2332        168      37740     122528   C:\Sandbox\forked\cmsis-toolbox\test\build\trustzone\out\nonsecure/CM35P/Release/nonsecure.axf
      7204        234       2332        168          0          0   ROM Totals for C:\Sandbox\forked\cmsis-toolbox\test\build\trustzone\out\nonsecure/CM35P/Release/nonsecure.axf
</msg>
<msg time="2024-05-27T16:54:03.469484" level="INFO">Processing context: secure.Debug+CM33</msg>
<msg time="2024-05-27T16:54:03.469484" level="INFO">basePath: C:\Sandbox\forked\cmsis-toolbox\test\build\trustzone\out_dir\out</msg>
<msg time="2024-05-27T16:54:03.469484" level="INFO">Path: secure/CM33/Debug/secure.axf</msg>
<msg time="2024-05-27T16:54:03.469484" level="INFO">Running Command: f r o m e l f   C : \ S a n d b o x \ f o r k e d \ c m s i s - t o o l b o x \ t e s t \ b u i l d \ t r u s t z o n e \ o u t _ d i r \ o u t \ s e c u r e / C M 3 3 / D e b u g / s e c u r e . a x f   - z</msg>
<msg time="2024-05-27T16:54:03.547025" level="INFO">Running Command: f r o m e l f   C : \ S a n d b o x \ f o r k e d \ c m s i s - t o o l b o x \ t e s t \ b u i l d \ t r u s t z o n e \ o u t \ s e c u r e / C M 3 3 / D e b u g / s e c u r e . a x f   - z</msg>
<msg time="2024-05-27T16:54:03.629140" level="INFO">Object Info 
========================================================================

** Object/Image Component Sizes

      Code (inc. data)   RO Data    RW Data    ZI Data      Debug   Object Name

      1280         16       2000          4       3592       8981   C:\Sandbox\forked\cmsis-toolbox\test\build\trustzone\out_dir\out\secure/CM33/Debug/secure.axf
      1280         16       2000          4          0          0   ROM Totals for C:\Sandbox\forked\cmsis-toolbox\test\build\trustzone\out_dir\out\secure/CM33/Debug/secure.axf
</msg>
<msg time="2024-05-27T16:54:03.629140" level="INFO">Object Info 
========================================================================

** Object/Image Component Sizes

      Code (inc. data)   RO Data    RW Data    ZI Data      Debug   Object Name

      1280         16       2000          4       3592       8861   C:\Sandbox\forked\cmsis-toolbox\test\build\trustzone\out\secure/CM33/Debug/secure.axf
      1280         16       2000          4          0          0   ROM Totals for C:\Sandbox\forked\cmsis-toolbox\test\build\trustzone\out\secure/CM33/Debug/secure.axf
</msg>
<msg time="2024-05-27T16:54:03.630137" level="INFO">Processing context: secure.Debug+CM35P</msg>
<msg time="2024-05-27T16:54:03.630137" level="INFO">basePath: C:\Sandbox\forked\cmsis-toolbox\test\build\trustzone\out_dir\out</msg>
<msg time="2024-05-27T16:54:03.630137" level="INFO">Path: secure/CM35P/Debug/secure.axf</msg>
<msg time="2024-05-27T16:54:03.630137" level="INFO">Running Command: f r o m e l f   C : \ S a n d b o x \ f o r k e d \ c m s i s - t o o l b o x \ t e s t \ b u i l d \ t r u s t z o n e \ o u t _ d i r \ o u t \ s e c u r e / C M 3 5 P / D e b u g / s e c u r e . a x f   - z</msg>
<msg time="2024-05-27T16:54:03.714942" level="INFO">Running Command: f r o m e l f   C : \ S a n d b o x \ f o r k e d \ c m s i s - t o o l b o x \ t e s t \ b u i l d \ t r u s t z o n e \ o u t \ s e c u r e / C M 3 5 P / D e b u g / s e c u r e . a x f   - z</msg>
<msg time="2024-05-27T16:54:03.789857" level="INFO">Object Info 
========================================================================

** Object/Image Component Sizes

      Code (inc. data)   RO Data    RW Data    ZI Data      Debug   Object Name

      1280         16       2000          4       3592       8998   C:\Sandbox\forked\cmsis-toolbox\test\build\trustzone\out_dir\out\secure/CM35P/Debug/secure.axf
      1280         16       2000          4          0          0   ROM Totals for C:\Sandbox\forked\cmsis-toolbox\test\build\trustzone\out_dir\out\secure/CM35P/Debug/secure.axf
</msg>
<msg time="2024-05-27T16:54:03.789857" level="INFO">Object Info 
========================================================================

** Object/Image Component Sizes

      Code (inc. data)   RO Data    RW Data    ZI Data      Debug   Object Name

      1280         16       2000          4       3592       8873   C:\Sandbox\forked\cmsis-toolbox\test\build\trustzone\out\secure/CM35P/Debug/secure.axf
      1280         16       2000          4          0          0   ROM Totals for C:\Sandbox\forked\cmsis-toolbox\test\build\trustzone\out\secure/CM35P/Debug/secure.axf
</msg>
<msg time="2024-05-27T16:54:03.789857" level="INFO">Processing context: secure.Release+CM33</msg>
<msg time="2024-05-27T16:54:03.789857" level="INFO">basePath: C:\Sandbox\forked\cmsis-toolbox\test\build\trustzone\out_dir\out</msg>
<msg time="2024-05-27T16:54:03.789857" level="INFO">Path: secure/CM33/Release/secure.axf</msg>
<msg time="2024-05-27T16:54:03.790857" level="INFO">Running Command: f r o m e l f   C : \ S a n d b o x \ f o r k e d \ c m s i s - t o o l b o x \ t e s t \ b u i l d \ t r u s t z o n e \ o u t _ d i r \ o u t \ s e c u r e / C M 3 3 / R e l e a s e / s e c u r e . a x f   - z</msg>
<msg time="2024-05-27T16:54:03.874051" level="INFO">Running Command: f r o m e l f   C : \ S a n d b o x \ f o r k e d \ c m s i s - t o o l b o x \ t e s t \ b u i l d \ t r u s t z o n e \ o u t \ s e c u r e / C M 3 3 / R e l e a s e / s e c u r e . a x f   - z</msg>
<msg time="2024-05-27T16:54:03.949271" level="INFO">Object Info 
========================================================================

** Object/Image Component Sizes

      Code (inc. data)   RO Data    RW Data    ZI Data      Debug   Object Name

      1284         16       2000          4       3592        736   C:\Sandbox\forked\cmsis-toolbox\test\build\trustzone\out_dir\out\secure/CM33/Release/secure.axf
      1284         16       2000          4          0          0   ROM Totals for C:\Sandbox\forked\cmsis-toolbox\test\build\trustzone\out_dir\out\secure/CM33/Release/secure.axf
</msg>
<msg time="2024-05-27T16:54:03.949271" level="INFO">Object Info 
========================================================================

** Object/Image Component Sizes

      Code (inc. data)   RO Data    RW Data    ZI Data      Debug   Object Name

      1284         16       2000          4       3592        736   C:\Sandbox\forked\cmsis-toolbox\test\build\trustzone\out\secure/CM33/Release/secure.axf
      1284         16       2000          4          0          0   ROM Totals for C:\Sandbox\forked\cmsis-toolbox\test\build\trustzone\out\secure/CM33/Release/secure.axf
</msg>
<msg time="2024-05-27T16:54:03.949271" level="INFO">Processing context: secure.Release+CM35P</msg>
<msg time="2024-05-27T16:54:03.949271" level="INFO">basePath: C:\Sandbox\forked\cmsis-toolbox\test\build\trustzone\out_dir\out</msg>
<msg time="2024-05-27T16:54:03.950321" level="INFO">Path: secure/CM35P/Release/secure.axf</msg>
<msg time="2024-05-27T16:54:03.950321" level="INFO">Running Command: f r o m e l f   C : \ S a n d b o x \ f o r k e d \ c m s i s - t o o l b o x \ t e s t \ b u i l d \ t r u s t z o n e \ o u t _ d i r \ o u t \ s e c u r e / C M 3 5 P / R e l e a s e / s e c u r e . a x f   - z</msg>
<msg time="2024-05-27T16:54:04.028325" level="INFO">Running Command: f r o m e l f   C : \ S a n d b o x \ f o r k e d \ c m s i s - t o o l b o x \ t e s t \ b u i l d \ t r u s t z o n e \ o u t \ s e c u r e / C M 3 5 P / R e l e a s e / s e c u r e . a x f   - z</msg>
<msg time="2024-05-27T16:54:04.116983" level="INFO">Object Info 
========================================================================

** Object/Image Component Sizes

      Code (inc. data)   RO Data    RW Data    ZI Data      Debug   Object Name

      1284         16       2000          4       3592        736   C:\Sandbox\forked\cmsis-toolbox\test\build\trustzone\out_dir\out\secure/CM35P/Release/secure.axf
      1284         16       2000          4          0          0   ROM Totals for C:\Sandbox\forked\cmsis-toolbox\test\build\trustzone\out_dir\out\secure/CM35P/Release/secure.axf
</msg>
<msg time="2024-05-27T16:54:04.116983" level="INFO">Object Info 
========================================================================

** Object/Image Component Sizes

      Code (inc. data)   RO Data    RW Data    ZI Data      Debug   Object Name

      1284         16       2000          4       3592        736   C:\Sandbox\forked\cmsis-toolbox\test\build\trustzone\out\secure/CM35P/Release/secure.axf
      1284         16       2000          4          0          0   ROM Totals for C:\Sandbox\forked\cmsis-toolbox\test\build\trustzone\out\secure/CM35P/Release/secure.axf
</msg>
<arg>${input_file}</arg>
<arg>${parent_path}${/}${Out_Dir}${/}${Default_Out_Dir}</arg>
<arg>${parent_path}${/}${Default_Out_Dir}</arg>
<status status="PASS" start="2024-05-27T16:54:01.931530" elapsed="2.185453"/>
</kw>
<msg time="2024-05-27T16:54:04.116983" level="INFO">Returning from the enclosing user keyword.</msg>
<var>${result}</var>
<arg>Compare Elf Information</arg>
<arg>${input_file}</arg>
<arg>${parent_path}${/}${Out_Dir}${/}${Default_Out_Dir}</arg>
<arg>${parent_path}${/}${Default_Out_Dir}</arg>
<doc>Runs the specified keyword and returns from the enclosing user keyword.</doc>
<status status="PASS" start="2024-05-27T16:54:01.930519" elapsed="2.187463"/>
</kw>
<kw name="Should Be True" owner="BuiltIn">
<arg>${result}</arg>
<doc>Fails if the given condition is not true.</doc>
<status status="NOT RUN" start="2024-05-27T16:54:04.117982" elapsed="0.000000"/>
</kw>
<arg>${TEST_DATA_DIR}${/}${trustzone}${/}solution.csolution.yml</arg>
<arg>${Pass}</arg>
<status status="PASS" start="2024-05-27T16:52:42.234187" elapsed="81.883795"/>
</kw>
<status status="PASS" start="2024-05-27T16:52:42.233193" elapsed="81.885789"/>
</test>
<kw name="Global Teardown" owner="utils" type="TEARDOWN">
<kw name="Remove Directory with Content" owner="utils">
<kw name="Change Directory Permissions" owner="utils">
<kw name="Run Process" owner="Process">
<msg time="2024-05-27T16:54:04.122982" level="INFO">Starting process:
chmod -R 755 C:\Sandbox\forked\cmsis-toolbox\test\build</msg>
<msg time="2024-05-27T16:54:04.136684" level="INFO">Waiting for process to complete.</msg>
<msg time="2024-05-27T16:54:14.538955" level="INFO">Process completed.</msg>
<msg time="2024-05-27T16:54:14.539958" level="INFO">${result} = &lt;result object with rc 0&gt;</msg>
<var>${result}</var>
<arg>chmod</arg>
<arg>-R</arg>
<arg>755</arg>
<arg>${target_dir}</arg>
<doc>Runs a process and waits for it to complete.</doc>
<status status="PASS" start="2024-05-27T16:54:04.121983" elapsed="10.417975"/>
</kw>
<kw name="Should Be Equal" owner="BuiltIn">
<arg>${result.rc}</arg>
<arg>${0}</arg>
<doc>Fails if the given objects are unequal.</doc>
<status status="PASS" start="2024-05-27T16:54:14.539958" elapsed="0.001432"/>
</kw>
<arg>${target_dir}</arg>
<doc>Change directory permissions</doc>
<status status="PASS" start="2024-05-27T16:54:04.121983" elapsed="10.419407"/>
</kw>
<kw name="Remove Directory" owner="OperatingSystem">
<msg time="2024-05-27T16:54:17.991633" level="INFO" html="true">Removed directory '&lt;a href="file://C:\Sandbox\forked\cmsis-toolbox\test\build"&gt;C:\Sandbox\forked\cmsis-toolbox\test\build&lt;/a&gt;'.</msg>
<arg>${target_dir}</arg>
<arg>recursive=${True}</arg>
<doc>Removes the directory pointed to by the given ``path``.</doc>
<status status="PASS" start="2024-05-27T16:54:14.541927" elapsed="3.451352"/>
</kw>
<kw name="Wait Until Removed" owner="OperatingSystem">
<msg time="2024-05-27T16:54:17.997173" level="INFO" html="true">'&lt;a href="file://C:\Sandbox\forked\cmsis-toolbox\test\build"&gt;C:\Sandbox\forked\cmsis-toolbox\test\build&lt;/a&gt;' was removed.</msg>
<arg>${target_dir}</arg>
<arg>timeout=5 seconds</arg>
<doc>Waits until the given file or directory is removed.</doc>
<status status="PASS" start="2024-05-27T16:54:17.994140" elapsed="0.003033"/>
</kw>
<arg>${TEST_DATA_DIR}</arg>
<doc>Remove directory and its content from target directory</doc>
<status status="PASS" start="2024-05-27T16:54:04.120981" elapsed="13.877223"/>
</kw>
<status status="PASS" start="2024-05-27T16:54:04.119981" elapsed="13.878223"/>
</kw>
<doc>Tests to compile &amp; execute local csolution examples</doc>
<status status="FAIL" start="2024-05-27T16:48:37.486999" elapsed="340.511205"/>
</suite>
<statistics>
<total>
<stat pass="7" fail="2" skip="0">All Tests</stat>
</total>
<tag>
</tag>
<suite>
<stat pass="7" fail="2" skip="0" id="s1" name="Local Example Tests">Local Example Tests</stat>
</suite>
</statistics>
<errors>
</errors>
</robot>
